This is pdfTeX, Version 3.14159265-2.6-1.40.20 (TeX Live 2019/Arch Linux) (preloaded format=pdflatex 2020.4.30)  17 MAY 2020 14:25
entering extended mode
 restricted \write18 enabled.
 file:line:error style messages enabled.
 %&-line parsing enabled.
**presentation.tex
(./presentation.tex
LaTeX2e <2019-10-01> patch level 1
(/usr/share/texmf-dist/tex/latex/beamer/beamer.cls
Document Class: beamer 2019/09/29 v3.57 A class for typesetting presentations
(/usr/share/texmf-dist/tex/latex/beamer/beamerbasemodes.sty
(/usr/share/texmf-dist/tex/latex/etoolbox/etoolbox.sty
Package: etoolbox 2019/09/21 v2.5h e-TeX tools for LaTeX (JAW)
\etb@tempcnta=\count80
)
\beamer@tempbox=\box27
\beamer@tempcount=\count81
\c@beamerpauses=\count82

(/usr/share/texmf-dist/tex/latex/beamer/beamerbasedecode.sty
\beamer@slideinframe=\count83
\beamer@minimum=\count84
\beamer@decode@box=\box28
)
\beamer@commentbox=\box29
\beamer@modecount=\count85
)
(/usr/share/texmf-dist/tex/generic/oberdiek/ifpdf.sty
Package: ifpdf 2018/09/07 v3.3 Provides the ifpdf switch
)
\headdp=\dimen102
\footheight=\dimen103
\sidebarheight=\dimen104
\beamer@tempdim=\dimen105
\beamer@finalheight=\dimen106
\beamer@animht=\dimen107
\beamer@animdp=\dimen108
\beamer@animwd=\dimen109
\beamer@leftmargin=\dimen110
\beamer@rightmargin=\dimen111
\beamer@leftsidebar=\dimen112
\beamer@rightsidebar=\dimen113
\beamer@boxsize=\dimen114
\beamer@vboxoffset=\dimen115
\beamer@descdefault=\dimen116
\beamer@descriptionwidth=\dimen117
\beamer@lastskip=\skip41
\beamer@areabox=\box30
\beamer@animcurrent=\box31
\beamer@animshowbox=\box32
\beamer@sectionbox=\box33
\beamer@logobox=\box34
\beamer@linebox=\box35
\beamer@sectioncount=\count86
\beamer@subsubsectionmax=\count87
\beamer@subsectionmax=\count88
\beamer@sectionmax=\count89
\beamer@totalheads=\count90
\beamer@headcounter=\count91
\beamer@partstartpage=\count92
\beamer@sectionstartpage=\count93
\beamer@subsectionstartpage=\count94
\beamer@animationtempa=\count95
\beamer@animationtempb=\count96
\beamer@xpos=\count97
\beamer@ypos=\count98
\beamer@ypos@offset=\count99
\beamer@showpartnumber=\count100
\beamer@currentsubsection=\count101
\beamer@coveringdepth=\count102
\beamer@sectionadjust=\count103
\beamer@tocsectionnumber=\count104

(/usr/share/texmf-dist/tex/latex/beamer/beamerbaseoptions.sty
(/usr/share/texmf-dist/tex/latex/graphics/keyval.sty
Package: keyval 2014/10/28 v1.15 key=value parser (DPC)
\KV@toks@=\toks14
))
\beamer@paperwidth=\skip42
\beamer@paperheight=\skip43

(/usr/share/texmf-dist/tex/latex/geometry/geometry.sty
Package: geometry 2018/04/16 v5.8 Page Geometry

(/usr/share/texmf-dist/tex/generic/oberdiek/ifvtex.sty
Package: ifvtex 2016/05/16 v1.6 Detect VTeX and its facilities (HO)
Package ifvtex Info: VTeX not detected.
)
(/usr/share/texmf-dist/tex/generic/ifxetex/ifxetex.sty
Package: ifxetex 2010/09/12 v0.6 Provides ifxetex conditional
)
\Gm@cnth=\count105
\Gm@cntv=\count106
\c@Gm@tempcnt=\count107
\Gm@bindingoffset=\dimen118
\Gm@wd@mp=\dimen119
\Gm@odd@mp=\dimen120
\Gm@even@mp=\dimen121
\Gm@layoutwidth=\dimen122
\Gm@layoutheight=\dimen123
\Gm@layouthoffset=\dimen124
\Gm@layoutvoffset=\dimen125
\Gm@dimlist=\toks15
)
(/usr/share/texmf-dist/tex/latex/base/size11.clo
File: size11.clo 2019/08/27 v1.4j Standard LaTeX file (size option)
)
(/usr/share/texmf-dist/tex/latex/pgf/basiclayer/pgfcore.sty
(/usr/share/texmf-dist/tex/latex/graphics/graphicx.sty
Package: graphicx 2017/06/01 v1.1a Enhanced LaTeX Graphics (DPC,SPQR)

(/usr/share/texmf-dist/tex/latex/graphics/graphics.sty
Package: graphics 2019/10/08 v1.3c Standard LaTeX Graphics (DPC,SPQR)

(/usr/share/texmf-dist/tex/latex/graphics/trig.sty
Package: trig 2016/01/03 v1.10 sin cos tan (DPC)
)
(/usr/share/texmf-dist/tex/latex/graphics-cfg/graphics.cfg
File: graphics.cfg 2016/06/04 v1.11 sample graphics configuration
)
Package graphics Info: Driver file: pdftex.def on input line 105.

(/usr/share/texmf-dist/tex/latex/graphics-def/pdftex.def
File: pdftex.def 2018/01/08 v1.0l Graphics/color driver for pdftex
))
\Gin@req@height=\dimen126
\Gin@req@width=\dimen127
)
(/usr/share/texmf-dist/tex/latex/pgf/systemlayer/pgfsys.sty
(/usr/share/texmf-dist/tex/latex/pgf/utilities/pgfrcs.sty
(/usr/share/texmf-dist/tex/generic/pgf/utilities/pgfutil-common.tex
\pgfutil@everybye=\toks16
\pgfutil@tempdima=\dimen128
\pgfutil@tempdimb=\dimen129

(/usr/share/texmf-dist/tex/generic/pgf/utilities/pgfutil-common-lists.tex))
(/usr/share/texmf-dist/tex/generic/pgf/utilities/pgfutil-latex.def
\pgfutil@abb=\box36

(/usr/share/texmf-dist/tex/latex/ms/everyshi.sty
Package: everyshi 2001/05/15 v3.00 EveryShipout Package (MS)
))
(/usr/share/texmf-dist/tex/generic/pgf/utilities/pgfrcs.code.tex
(/usr/share/texmf-dist/tex/generic/pgf/pgf.revision.tex)
Package: pgfrcs 2019/08/03 v3.1.4b (3.1.4b)
))
(/usr/share/texmf-dist/tex/generic/pgf/systemlayer/pgfsys.code.tex
Package: pgfsys 2019/08/03 v3.1.4b (3.1.4b)

(/usr/share/texmf-dist/tex/generic/pgf/utilities/pgfkeys.code.tex
\pgfkeys@pathtoks=\toks17
\pgfkeys@temptoks=\toks18

(/usr/share/texmf-dist/tex/generic/pgf/utilities/pgfkeysfiltered.code.tex
\pgfkeys@tmptoks=\toks19
))
\pgf@x=\dimen130
\pgf@y=\dimen131
\pgf@xa=\dimen132
\pgf@ya=\dimen133
\pgf@xb=\dimen134
\pgf@yb=\dimen135
\pgf@xc=\dimen136
\pgf@yc=\dimen137
\pgf@xd=\dimen138
\pgf@yd=\dimen139
\w@pgf@writea=\write3
\r@pgf@reada=\read1
\c@pgf@counta=\count108
\c@pgf@countb=\count109
\c@pgf@countc=\count110
\c@pgf@countd=\count111
\t@pgf@toka=\toks20
\t@pgf@tokb=\toks21
\t@pgf@tokc=\toks22
\pgf@sys@id@count=\count112

(/usr/share/texmf-dist/tex/generic/pgf/systemlayer/pgf.cfg
File: pgf.cfg 2019/08/03 v3.1.4b (3.1.4b)
)
Driver file for pgf: pgfsys-pdftex.def

(/usr/share/texmf-dist/tex/generic/pgf/systemlayer/pgfsys-pdftex.def
File: pgfsys-pdftex.def 2019/08/03 v3.1.4b (3.1.4b)

(/usr/share/texmf-dist/tex/generic/pgf/systemlayer/pgfsys-common-pdf.def
File: pgfsys-common-pdf.def 2019/08/03 v3.1.4b (3.1.4b)
)))
(/usr/share/texmf-dist/tex/generic/pgf/systemlayer/pgfsyssoftpath.code.tex
File: pgfsyssoftpath.code.tex 2019/08/03 v3.1.4b (3.1.4b)
\pgfsyssoftpath@smallbuffer@items=\count113
\pgfsyssoftpath@bigbuffer@items=\count114
)
(/usr/share/texmf-dist/tex/generic/pgf/systemlayer/pgfsysprotocol.code.tex
File: pgfsysprotocol.code.tex 2019/08/03 v3.1.4b (3.1.4b)
))
(/usr/share/texmf-dist/tex/latex/xcolor/xcolor.sty
Package: xcolor 2016/05/11 v2.12 LaTeX color extensions (UK)

(/usr/share/texmf-dist/tex/latex/graphics-cfg/color.cfg
File: color.cfg 2016/01/02 v1.6 sample color configuration
)
Package xcolor Info: Driver file: pdftex.def on input line 225.

(/usr/share/texmf-dist/tex/latex/colortbl/colortbl.sty
Package: colortbl 2018/12/12 v1.0d Color table columns (DPC)

(/usr/share/texmf-dist/tex/latex/tools/array.sty
Package: array 2019/08/31 v2.4l Tabular extension package (FMi)
\col@sep=\dimen140
\ar@mcellbox=\box37
\extrarowheight=\dimen141
\NC@list=\toks23
\extratabsurround=\skip44
\backup@length=\skip45
\ar@cellbox=\box38
)
\everycr=\toks24
\minrowclearance=\skip46
)
\rownum=\count115
Package xcolor Info: Model `cmy' substituted by `cmy0' on input line 1348.
Package xcolor Info: Model `hsb' substituted by `rgb' on input line 1352.
Package xcolor Info: Model `RGB' extended on input line 1364.
Package xcolor Info: Model `HTML' substituted by `rgb' on input line 1366.
Package xcolor Info: Model `Hsb' substituted by `hsb' on input line 1367.
Package xcolor Info: Model `tHsb' substituted by `hsb' on input line 1368.
Package xcolor Info: Model `HSB' substituted by `hsb' on input line 1369.
Package xcolor Info: Model `Gray' substituted by `gray' on input line 1370.
Package xcolor Info: Model `wave' substituted by `hsb' on input line 1371.
)
(/usr/share/texmf-dist/tex/generic/pgf/basiclayer/pgfcore.code.tex
Package: pgfcore 2019/08/03 v3.1.4b (3.1.4b)

(/usr/share/texmf-dist/tex/generic/pgf/math/pgfmath.code.tex
(/usr/share/texmf-dist/tex/generic/pgf/math/pgfmathcalc.code.tex
(/usr/share/texmf-dist/tex/generic/pgf/math/pgfmathutil.code.tex)
(/usr/share/texmf-dist/tex/generic/pgf/math/pgfmathparser.code.tex
\pgfmath@dimen=\dimen142
\pgfmath@count=\count116
\pgfmath@box=\box39
\pgfmath@toks=\toks25
\pgfmath@stack@operand=\toks26
\pgfmath@stack@operation=\toks27
)
(/usr/share/texmf-dist/tex/generic/pgf/math/pgfmathfunctions.code.tex
(/usr/share/texmf-dist/tex/generic/pgf/math/pgfmathfunctions.basic.code.tex)
(/usr/share/texmf-dist/tex/generic/pgf/math/pgfmathfunctions.trigonometric.code
.tex)
(/usr/share/texmf-dist/tex/generic/pgf/math/pgfmathfunctions.random.code.tex)
(/usr/share/texmf-dist/tex/generic/pgf/math/pgfmathfunctions.comparison.code.te
x) (/usr/share/texmf-dist/tex/generic/pgf/math/pgfmathfunctions.base.code.tex)
(/usr/share/texmf-dist/tex/generic/pgf/math/pgfmathfunctions.round.code.tex)
(/usr/share/texmf-dist/tex/generic/pgf/math/pgfmathfunctions.misc.code.tex)
(/usr/share/texmf-dist/tex/generic/pgf/math/pgfmathfunctions.integerarithmetics
.code.tex))) (/usr/share/texmf-dist/tex/generic/pgf/math/pgfmathfloat.code.tex
\c@pgfmathroundto@lastzeros=\count117
)) (/usr/share/texmf-dist/tex/generic/pgf/math/pgfint.code.tex)
(/usr/share/texmf-dist/tex/generic/pgf/basiclayer/pgfcorepoints.code.tex
File: pgfcorepoints.code.tex 2019/08/03 v3.1.4b (3.1.4b)
\pgf@picminx=\dimen143
\pgf@picmaxx=\dimen144
\pgf@picminy=\dimen145
\pgf@picmaxy=\dimen146
\pgf@pathminx=\dimen147
\pgf@pathmaxx=\dimen148
\pgf@pathminy=\dimen149
\pgf@pathmaxy=\dimen150
\pgf@xx=\dimen151
\pgf@xy=\dimen152
\pgf@yx=\dimen153
\pgf@yy=\dimen154
\pgf@zx=\dimen155
\pgf@zy=\dimen156
)
(/usr/share/texmf-dist/tex/generic/pgf/basiclayer/pgfcorepathconstruct.code.tex
File: pgfcorepathconstruct.code.tex 2019/08/03 v3.1.4b (3.1.4b)
\pgf@path@lastx=\dimen157
\pgf@path@lasty=\dimen158
) (/usr/share/texmf-dist/tex/generic/pgf/basiclayer/pgfcorepathusage.code.tex
File: pgfcorepathusage.code.tex 2019/08/03 v3.1.4b (3.1.4b)
\pgf@shorten@end@additional=\dimen159
\pgf@shorten@start@additional=\dimen160
)
(/usr/share/texmf-dist/tex/generic/pgf/basiclayer/pgfcorescopes.code.tex
File: pgfcorescopes.code.tex 2019/08/03 v3.1.4b (3.1.4b)
\pgfpic=\box40
\pgf@hbox=\box41
\pgf@layerbox@main=\box42
\pgf@picture@serial@count=\count118
)
(/usr/share/texmf-dist/tex/generic/pgf/basiclayer/pgfcoregraphicstate.code.tex
File: pgfcoregraphicstate.code.tex 2019/08/03 v3.1.4b (3.1.4b)
\pgflinewidth=\dimen161
)
(/usr/share/texmf-dist/tex/generic/pgf/basiclayer/pgfcoretransformations.code.t
ex
File: pgfcoretransformations.code.tex 2019/08/03 v3.1.4b (3.1.4b)
\pgf@pt@x=\dimen162
\pgf@pt@y=\dimen163
\pgf@pt@temp=\dimen164
) (/usr/share/texmf-dist/tex/generic/pgf/basiclayer/pgfcorequick.code.tex
File: pgfcorequick.code.tex 2019/08/03 v3.1.4b (3.1.4b)
)
(/usr/share/texmf-dist/tex/generic/pgf/basiclayer/pgfcoreobjects.code.tex
File: pgfcoreobjects.code.tex 2019/08/03 v3.1.4b (3.1.4b)
)
(/usr/share/texmf-dist/tex/generic/pgf/basiclayer/pgfcorepathprocessing.code.te
x
File: pgfcorepathprocessing.code.tex 2019/08/03 v3.1.4b (3.1.4b)
) (/usr/share/texmf-dist/tex/generic/pgf/basiclayer/pgfcorearrows.code.tex
File: pgfcorearrows.code.tex 2019/08/03 v3.1.4b (3.1.4b)
\pgfarrowsep=\dimen165
)
(/usr/share/texmf-dist/tex/generic/pgf/basiclayer/pgfcoreshade.code.tex
File: pgfcoreshade.code.tex 2019/08/03 v3.1.4b (3.1.4b)
\pgf@max=\dimen166
\pgf@sys@shading@range@num=\count119
\pgf@shadingcount=\count120
)
(/usr/share/texmf-dist/tex/generic/pgf/basiclayer/pgfcoreimage.code.tex
File: pgfcoreimage.code.tex 2019/08/03 v3.1.4b (3.1.4b)

(/usr/share/texmf-dist/tex/generic/pgf/basiclayer/pgfcoreexternal.code.tex
File: pgfcoreexternal.code.tex 2019/08/03 v3.1.4b (3.1.4b)
\pgfexternal@startupbox=\box43
))
(/usr/share/texmf-dist/tex/generic/pgf/basiclayer/pgfcorelayers.code.tex
File: pgfcorelayers.code.tex 2019/08/03 v3.1.4b (3.1.4b)
)
(/usr/share/texmf-dist/tex/generic/pgf/basiclayer/pgfcoretransparency.code.tex
File: pgfcoretransparency.code.tex 2019/08/03 v3.1.4b (3.1.4b)
) (/usr/share/texmf-dist/tex/generic/pgf/basiclayer/pgfcorepatterns.code.tex
File: pgfcorepatterns.code.tex 2019/08/03 v3.1.4b (3.1.4b)
)
(/usr/share/texmf-dist/tex/generic/pgf/basiclayer/pgfcorerdf.code.tex
File: pgfcorerdf.code.tex 2019/08/03 v3.1.4b (3.1.4b)
)))
(/usr/share/texmf-dist/tex/latex/pgf/utilities/xxcolor.sty
Package: xxcolor 2003/10/24 ver 0.1
\XC@nummixins=\count121
\XC@countmixins=\count122
)
(/usr/share/texmf-dist/tex/generic/oberdiek/atbegshi.sty
Package: atbegshi 2016/06/09 v1.18 At begin shipout hook (HO)

(/usr/share/texmf-dist/tex/generic/oberdiek/infwarerr.sty
Package: infwarerr 2016/05/16 v1.4 Providing info/warning/error messages (HO)
)
(/usr/share/texmf-dist/tex/generic/oberdiek/ltxcmds.sty
Package: ltxcmds 2016/05/16 v1.23 LaTeX kernel commands for general use (HO)
))
(/usr/share/texmf-dist/tex/latex/hyperref/hyperref.sty
Package: hyperref 2019/09/28 v7.00a Hypertext links for LaTeX

(/usr/share/texmf-dist/tex/generic/oberdiek/hobsub-hyperref.sty
Package: hobsub-hyperref 2016/05/16 v1.14 Bundle oberdiek, subset hyperref (HO)


(/usr/share/texmf-dist/tex/generic/oberdiek/hobsub-generic.sty
Package: hobsub-generic 2016/05/16 v1.14 Bundle oberdiek, subset generic (HO)
Package: hobsub 2016/05/16 v1.14 Construct package bundles (HO)
Package hobsub Info: Skipping package `infwarerr' (already loaded).
Package hobsub Info: Skipping package `ltxcmds' (already loaded).
Package: ifluatex 2016/05/16 v1.4 Provides the ifluatex switch (HO)
Package ifluatex Info: LuaTeX not detected.
Package hobsub Info: Skipping package `ifvtex' (already loaded).
Package: intcalc 2016/05/16 v1.2 Expandable calculations with integers (HO)
Package hobsub Info: Skipping package `ifpdf' (already loaded).
Package: etexcmds 2016/05/16 v1.6 Avoid name clashes with e-TeX commands (HO)
Package: kvsetkeys 2016/05/16 v1.17 Key value parser (HO)
Package: kvdefinekeys 2016/05/16 v1.4 Define keys (HO)
Package: pdftexcmds 2019/07/25 v0.30 Utility functions of pdfTeX for LuaTeX (HO
)
Package pdftexcmds Info: LuaTeX not detected.
Package pdftexcmds Info: \pdf@primitive is available.
Package pdftexcmds Info: \pdf@ifprimitive is available.
Package pdftexcmds Info: \pdfdraftmode found.
Package: pdfescape 2016/05/16 v1.14 Implements pdfTeX's escape features (HO)
Package: bigintcalc 2016/05/16 v1.4 Expandable calculations on big integers (HO
)
Package: bitset 2016/05/16 v1.2 Handle bit-vector datatype (HO)
Package: uniquecounter 2016/05/16 v1.3 Provide unlimited unique counter (HO)
)
Package hobsub Info: Skipping package `hobsub' (already loaded).
Package: letltxmacro 2016/05/16 v1.5 Let assignment for LaTeX macros (HO)
Package: hopatch 2016/05/16 v1.3 Wrapper for package hooks (HO)
Package: xcolor-patch 2016/05/16 xcolor patch
Package: atveryend 2016/05/16 v1.9 Hooks at the very end of document (HO)
Package hobsub Info: Skipping package `atbegshi' (already loaded).
Package: refcount 2016/05/16 v3.5 Data extraction from label references (HO)
Package: hycolor 2016/05/16 v1.8 Color options for hyperref/bookmark (HO)
)
(/usr/share/texmf-dist/tex/latex/oberdiek/auxhook.sty
Package: auxhook 2016/05/16 v1.4 Hooks for auxiliary files (HO)
)
(/usr/share/texmf-dist/tex/latex/oberdiek/kvoptions.sty
Package: kvoptions 2016/05/16 v3.12 Key value format for package options (HO)
)
\@linkdim=\dimen167
\Hy@linkcounter=\count123
\Hy@pagecounter=\count124

(/usr/share/texmf-dist/tex/latex/hyperref/pd1enc.def
File: pd1enc.def 2019/09/28 v7.00a Hyperref: PDFDocEncoding definition (HO)
Now handling font encoding PD1 ...
... no UTF-8 mapping file for font encoding PD1
)
\Hy@SavedSpaceFactor=\count125

(/usr/share/texmf-dist/tex/latex/latexconfig/hyperref.cfg
File: hyperref.cfg 2002/06/06 v1.2 hyperref configuration of TeXLive
)
Package hyperref Info: Option `bookmarks' set `true' on input line 4414.
Package hyperref Info: Option `bookmarksopen' set `true' on input line 4414.
Package hyperref Info: Option `implicit' set `false' on input line 4414.
Package hyperref Info: Hyper figures OFF on input line 4540.
Package hyperref Info: Link nesting OFF on input line 4545.
Package hyperref Info: Hyper index ON on input line 4548.
Package hyperref Info: Plain pages OFF on input line 4555.
Package hyperref Info: Backreferencing OFF on input line 4560.
Package hyperref Info: Implicit mode OFF; no redefinition of LaTeX internals.
Package hyperref Info: Bookmarks ON on input line 4793.
\c@Hy@tempcnt=\count126

(/usr/share/texmf-dist/tex/latex/url/url.sty
\Urlmuskip=\muskip10
Package: url 2013/09/16  ver 3.4  Verb mode for urls, etc.
)
LaTeX Info: Redefining \url on input line 5152.
\XeTeXLinkMargin=\dimen168
\Fld@menulength=\count127
\Field@Width=\dimen169
\Fld@charsize=\dimen170
Package hyperref Info: Hyper figures OFF on input line 6423.
Package hyperref Info: Link nesting OFF on input line 6428.
Package hyperref Info: Hyper index ON on input line 6431.
Package hyperref Info: backreferencing OFF on input line 6438.
Package hyperref Info: Link coloring OFF on input line 6443.
Package hyperref Info: Link coloring with OCG OFF on input line 6448.
Package hyperref Info: PDF/A mode OFF on input line 6453.
LaTeX Info: Redefining \ref on input line 6493.
LaTeX Info: Redefining \pageref on input line 6497.
\Hy@abspage=\count128


Package hyperref Message: Stopped early.

)
Package hyperref Info: Driver (autodetected): hpdftex.
 (/usr/share/texmf-dist/tex/latex/hyperref/hpdftex.def
File: hpdftex.def 2019/09/28 v7.00a Hyperref driver for pdfTeX
\Fld@listcount=\count129
\c@bookmark@seq@number=\count130

(/usr/share/texmf-dist/tex/latex/oberdiek/rerunfilecheck.sty
Package: rerunfilecheck 2016/05/16 v1.8 Rerun checks for auxiliary files (HO)
Package uniquecounter Info: New unique counter `rerunfilecheck' on input line 2
82.
))
(/usr/share/texmf-dist/tex/latex/beamer/beamerbaserequires.sty
(/usr/share/texmf-dist/tex/latex/beamer/beamerbasecompatibility.sty)
(/usr/share/texmf-dist/tex/latex/beamer/beamerbasefont.sty
(/usr/share/texmf-dist/tex/latex/amsfonts/amssymb.sty
Package: amssymb 2013/01/14 v3.01 AMS font symbols

(/usr/share/texmf-dist/tex/latex/amsfonts/amsfonts.sty
Package: amsfonts 2013/01/14 v3.01 Basic AMSFonts support
\@emptytoks=\toks28
\symAMSa=\mathgroup4
\symAMSb=\mathgroup5
LaTeX Font Info:    Redeclaring math symbol \hbar on input line 98.
LaTeX Font Info:    Overwriting math alphabet `\mathfrak' in version `bold'
(Font)                  U/euf/m/n --> U/euf/b/n on input line 106.
))
(/usr/share/texmf-dist/tex/latex/sansmathaccent/sansmathaccent.sty
Package: sansmathaccent 2013/03/28

(/usr/share/texmf-dist/tex/latex/filehook/filehook.sty
Package: filehook 2019/10/03 v0.6 Hooks for input files
)))
(/usr/share/texmf-dist/tex/latex/beamer/beamerbasetranslator.sty
(/usr/share/texmf-dist/tex/latex/translator/translator.sty
Package: translator 2019-05-31 v1.12a Easy translation of strings in LaTeX
))
(/usr/share/texmf-dist/tex/latex/beamer/beamerbasemisc.sty)
(/usr/share/texmf-dist/tex/latex/beamer/beamerbasetwoscreens.sty)
(/usr/share/texmf-dist/tex/latex/beamer/beamerbaseoverlay.sty
\beamer@argscount=\count131
\beamer@lastskipcover=\skip47
\beamer@trivlistdepth=\count132
)
(/usr/share/texmf-dist/tex/latex/beamer/beamerbasetitle.sty)
(/usr/share/texmf-dist/tex/latex/beamer/beamerbasesection.sty
\c@lecture=\count133
\c@part=\count134
\c@section=\count135
\c@subsection=\count136
\c@subsubsection=\count137
)
(/usr/share/texmf-dist/tex/latex/beamer/beamerbaseframe.sty
\beamer@framebox=\box44
\beamer@frametitlebox=\box45
\beamer@zoombox=\box46
\beamer@zoomcount=\count138
\beamer@zoomframecount=\count139
\beamer@frametextheight=\dimen171
\c@subsectionslide=\count140
\beamer@frametopskip=\skip48
\beamer@framebottomskip=\skip49
\beamer@frametopskipautobreak=\skip50
\beamer@framebottomskipautobreak=\skip51
\beamer@envbody=\toks29
\framewidth=\dimen172
\c@framenumber=\count141
)
(/usr/share/texmf-dist/tex/latex/beamer/beamerbaseverbatim.sty
\beamer@verbatimfileout=\write4
)
(/usr/share/texmf-dist/tex/latex/beamer/beamerbaseframesize.sty
\beamer@splitbox=\box47
\beamer@autobreakcount=\count142
\beamer@autobreaklastheight=\dimen173
\beamer@frametitletoks=\toks30
\beamer@framesubtitletoks=\toks31
)
(/usr/share/texmf-dist/tex/latex/beamer/beamerbaseframecomponents.sty
\beamer@footins=\box48
)
(/usr/share/texmf-dist/tex/latex/beamer/beamerbasecolor.sty)
(/usr/share/texmf-dist/tex/latex/beamer/beamerbasenotes.sty
\beamer@frameboxcopy=\box49
)
(/usr/share/texmf-dist/tex/latex/beamer/beamerbasetoc.sty)
(/usr/share/texmf-dist/tex/latex/beamer/beamerbasetemplates.sty
\beamer@sbttoks=\toks32

(/usr/share/texmf-dist/tex/latex/beamer/beamerbaseauxtemplates.sty
(/usr/share/texmf-dist/tex/latex/beamer/beamerbaseboxes.sty
\bmb@box=\box50
\bmb@colorbox=\box51
\bmb@boxshadow=\box52
\bmb@boxshadowball=\box53
\bmb@boxshadowballlarge=\box54
\bmb@temp=\dimen174
\bmb@dima=\dimen175
\bmb@dimb=\dimen176
\bmb@prevheight=\dimen177
)
\beamer@blockheadheight=\dimen178
))
(/usr/share/texmf-dist/tex/latex/beamer/beamerbaselocalstructure.sty
(/usr/share/texmf-dist/tex/latex/tools/enumerate.sty
Package: enumerate 2015/07/23 v3.00 enumerate extensions (DPC)
\@enLab=\toks33
)
\c@figure=\count143
\c@table=\count144
\abovecaptionskip=\skip52
\belowcaptionskip=\skip53
)
(/usr/share/texmf-dist/tex/latex/beamer/beamerbasenavigation.sty
\beamer@section@min@dim=\dimen179
)
(/usr/share/texmf-dist/tex/latex/beamer/beamerbasetheorems.sty
(/usr/share/texmf-dist/tex/latex/amsmath/amsmath.sty
Package: amsmath 2019/04/01 v2.17c AMS math features
\@mathmargin=\skip54

For additional information on amsmath, use the `?' option.
(/usr/share/texmf-dist/tex/latex/amsmath/amstext.sty
Package: amstext 2000/06/29 v2.01 AMS text

(/usr/share/texmf-dist/tex/latex/amsmath/amsgen.sty
File: amsgen.sty 1999/11/30 v2.0 generic functions
\@emptytoks=\toks34
\ex@=\dimen180
))
(/usr/share/texmf-dist/tex/latex/amsmath/amsbsy.sty
Package: amsbsy 1999/11/29 v1.2d Bold Symbols
\pmbraise@=\dimen181
)
(/usr/share/texmf-dist/tex/latex/amsmath/amsopn.sty
Package: amsopn 2016/03/08 v2.02 operator names
)
\inf@bad=\count145
LaTeX Info: Redefining \frac on input line 227.
\uproot@=\count146
\leftroot@=\count147
LaTeX Info: Redefining \overline on input line 389.
\classnum@=\count148
\DOTSCASE@=\count149
LaTeX Info: Redefining \ldots on input line 486.
LaTeX Info: Redefining \dots on input line 489.
LaTeX Info: Redefining \cdots on input line 610.
\Mathstrutbox@=\box55
\strutbox@=\box56
\big@size=\dimen182
LaTeX Font Info:    Redeclaring font encoding OML on input line 733.
LaTeX Font Info:    Redeclaring font encoding OMS on input line 734.
\macc@depth=\count150
\c@MaxMatrixCols=\count151
\dotsspace@=\muskip11
\c@parentequation=\count152
\dspbrk@lvl=\count153
\tag@help=\toks35
\row@=\count154
\column@=\count155
\maxfields@=\count156
\andhelp@=\toks36
\eqnshift@=\dimen183
\alignsep@=\dimen184
\tagshift@=\dimen185
\tagwidth@=\dimen186
\totwidth@=\dimen187
\lineht@=\dimen188
\@envbody=\toks37
\multlinegap=\skip55
\multlinetaggap=\skip56
\mathdisplay@stack=\toks38
LaTeX Info: Redefining \[ on input line 2855.
LaTeX Info: Redefining \] on input line 2856.
)
(/usr/share/texmf-dist/tex/latex/amscls/amsthm.sty
Package: amsthm 2017/10/31 v2.20.4
\thm@style=\toks39
\thm@bodyfont=\toks40
\thm@headfont=\toks41
\thm@notefont=\toks42
\thm@headpunct=\toks43
\thm@preskip=\skip57
\thm@postskip=\skip58
\thm@headsep=\skip59
\dth@everypar=\toks44
)
\c@theorem=\count157
)
(/usr/share/texmf-dist/tex/latex/beamer/beamerbasethemes.sty))
(/usr/share/texmf-dist/tex/latex/beamer/beamerthemedefault.sty
(/usr/share/texmf-dist/tex/latex/beamer/beamerfontthemedefault.sty)
(/usr/share/texmf-dist/tex/latex/beamer/beamercolorthemedefault.sty)
(/usr/share/texmf-dist/tex/latex/beamer/beamerinnerthemedefault.sty
\beamer@dima=\dimen189
\beamer@dimb=\dimen190
)
(/usr/share/texmf-dist/tex/latex/beamer/beamerouterthemedefault.sty)))
(/usr/share/texmf-dist/tex/latex/base/inputenc.sty
Package: inputenc 2018/08/11 v1.3c Input encoding file
\inpenc@prehook=\toks45
\inpenc@posthook=\toks46
)
(/usr/share/texmf-dist/tex/latex/base/fontenc.sty
Package: fontenc 2018/08/11 v2.0j Standard LaTeX package

(/usr/share/texmf-dist/tex/latex/base/t1enc.def
File: t1enc.def 2018/08/11 v2.0j Standard LaTeX file
LaTeX Font Info:    Redeclaring font encoding T1 on input line 48.
))
(/home/schnecki/texmf/tex/latex/local/ijpr/booktabs.sty
Package: booktabs 2005/04/14 v1.61803 publication quality tables
\heavyrulewidth=\dimen191
\lightrulewidth=\dimen192
\cmidrulewidth=\dimen193
\belowrulesep=\dimen194
\belowbottomsep=\dimen195
\aboverulesep=\dimen196
\abovetopsep=\dimen197
\cmidrulesep=\dimen198
\cmidrulekern=\dimen199
\defaultaddspace=\dimen256
\@cmidla=\count158
\@cmidlb=\count159
\@aboverulesep=\dimen257
\@belowrulesep=\dimen258
\@thisruleclass=\count160
\@lastruleclass=\count161
\@thisrulewidth=\dimen259
)
(/usr/share/texmf-dist/tex/latex/tools/hhline.sty
Package: hhline 2014/10/28 v2.03 Table rule package (DPC)
)
(/usr/share/texmf-dist/tex/latex/oberdiek/grffile.sty
Package: grffile 2017/06/30 v1.18 Extended file name support for graphics (HO)
Package grffile Info: Option `multidot' is set to `true'.
Package grffile Info: Option `extendedchars' is set to `false'.
Package grffile Info: Option `space' is set to `true'.
Package grffile Info: \Gin@ii of package `graphicx' fixed on input line 494.
)
(/usr/share/texmf-dist/tex/latex/biblatex/biblatex.sty
Package: biblatex 2019/08/31 v3.13a programmable bibliographies (PK/MW)

(/usr/share/texmf-dist/tex/latex/logreq/logreq.sty
Package: logreq 2010/08/04 v1.0 xml request logger
\lrq@indent=\count162

(/usr/share/texmf-dist/tex/latex/logreq/logreq.def
File: logreq.def 2010/08/04 v1.0 logreq spec v1.0
))
(/usr/share/texmf-dist/tex/latex/base/ifthen.sty
Package: ifthen 2014/09/29 v1.1c Standard LaTeX ifthen package (DPC)
)
\c@tabx@nest=\count163
\c@listtotal=\count164
\c@listcount=\count165
\c@liststart=\count166
\c@liststop=\count167
\c@citecount=\count168
\c@citetotal=\count169
\c@multicitecount=\count170
\c@multicitetotal=\count171
\c@instcount=\count172
\c@maxnames=\count173
\c@minnames=\count174
\c@maxitems=\count175
\c@minitems=\count176
\c@citecounter=\count177
\c@maxcitecounter=\count178
\c@savedcitecounter=\count179
\c@uniquelist=\count180
\c@uniquename=\count181
\c@refsection=\count182
\c@refsegment=\count183
\c@maxextratitle=\count184
\c@maxextratitleyear=\count185
\c@maxextraname=\count186
\c@maxextradate=\count187
\c@maxextraalpha=\count188
\c@abbrvpenalty=\count189
\c@highnamepenalty=\count190
\c@lownamepenalty=\count191
\c@maxparens=\count192
\c@parenlevel=\count193
\blx@tempcnta=\count194
\blx@tempcntb=\count195
\blx@tempcntc=\count196
\blx@maxsection=\count197
\blx@maxsegment@0=\count198
\blx@notetype=\count199
\blx@parenlevel@text=\count266
\blx@parenlevel@foot=\count267
\blx@sectionciteorder@0=\count268
\blx@entrysetcounter=\count269
\labelnumberwidth=\skip60
\labelalphawidth=\skip61
\biblabelsep=\skip62
\bibitemsep=\skip63
\bibnamesep=\skip64
\bibinitsep=\skip65
\bibparsep=\skip66
\bibhang=\skip67
\blx@bcfin=\read2
\blx@bcfout=\write5
\blx@langwohyphens=\language85
\c@mincomprange=\count270
\c@maxcomprange=\count271
\c@mincompwidth=\count272
Package biblatex Info: Trying to load biblatex default data model...
Package biblatex Info: ... file 'blx-dm.def' found.

(/usr/share/texmf-dist/tex/latex/biblatex/blx-dm.def
File: blx-dm.def 2019/08/31 v3.13a biblatex localization (PK/MW)
)
Package biblatex Info: Trying to load biblatex citestyle data model...
Package biblatex Info: ... file 'authortitle.dbx' not found.
Package biblatex Info: Trying to load biblatex bibstyle data model...
Package biblatex Info: ... file 'numeric.dbx' not found.
Package biblatex Info: Trying to load biblatex custom data model...
Package biblatex Info: ... file 'biblatex-dm.cfg' not found.
\c@afterword=\count273
\c@savedafterword=\count274
\c@annotator=\count275
\c@savedannotator=\count276
\c@author=\count277
\c@savedauthor=\count278
\c@bookauthor=\count279
\c@savedbookauthor=\count280
\c@commentator=\count281
\c@savedcommentator=\count282
\c@editor=\count283
\c@savededitor=\count284
\c@editora=\count285
\c@savededitora=\count286
\c@editorb=\count287
\c@savededitorb=\count288
\c@editorc=\count289
\c@savededitorc=\count290
\c@foreword=\count291
\c@savedforeword=\count292
\c@holder=\count293
\c@savedholder=\count294
\c@introduction=\count295
\c@savedintroduction=\count296
\c@namea=\count297
\c@savednamea=\count298
\c@nameb=\count299
\c@savednameb=\count300
\c@namec=\count301
\c@savednamec=\count302
\c@translator=\count303
\c@savedtranslator=\count304
\c@shortauthor=\count305
\c@savedshortauthor=\count306
\c@shorteditor=\count307
\c@savedshorteditor=\count308
\c@labelname=\count309
\c@savedlabelname=\count310
\c@institution=\count311
\c@savedinstitution=\count312
\c@lista=\count313
\c@savedlista=\count314
\c@listb=\count315
\c@savedlistb=\count316
\c@listc=\count317
\c@savedlistc=\count318
\c@listd=\count319
\c@savedlistd=\count320
\c@liste=\count321
\c@savedliste=\count322
\c@listf=\count323
\c@savedlistf=\count324
\c@location=\count325
\c@savedlocation=\count326
\c@organization=\count327
\c@savedorganization=\count328
\c@origlocation=\count329
\c@savedoriglocation=\count330
\c@origpublisher=\count331
\c@savedorigpublisher=\count332
\c@publisher=\count333
\c@savedpublisher=\count334
\c@language=\count335
\c@savedlanguage=\count336
\c@origlanguage=\count337
\c@savedoriglanguage=\count338
\c@pageref=\count339
\c@savedpageref=\count340
\shorthandwidth=\skip68
\shortjournalwidth=\skip69
\shortserieswidth=\skip70
\shorttitlewidth=\skip71
\shortauthorwidth=\skip72
\shorteditorwidth=\skip73
\locallabelnumberwidth=\skip74
\locallabelalphawidth=\skip75
\localshorthandwidth=\skip76
\localshortjournalwidth=\skip77
\localshortserieswidth=\skip78
\localshorttitlewidth=\skip79
\localshortauthorwidth=\skip80
\localshorteditorwidth=\skip81
Package biblatex Info: Trying to load compatibility code...
Package biblatex Info: ... file 'blx-compat.def' found.

(/usr/share/texmf-dist/tex/latex/biblatex/blx-compat.def
File: blx-compat.def 2019/08/31 v3.13a biblatex compatibility (PK/MW)
)
Package biblatex Info: Trying to load generic definitions...
Package biblatex Info: ... file 'biblatex.def' found.

(/usr/share/texmf-dist/tex/latex/biblatex/biblatex.def
File: biblatex.def 2019/08/31 v3.13a biblatex compatibility (PK/MW)
\c@textcitecount=\count341
\c@textcitetotal=\count342
\c@textcitemaxnames=\count343
\c@biburlbigbreakpenalty=\count344
\c@biburlbreakpenalty=\count345
\c@biburlnumpenalty=\count346
\c@biburlucpenalty=\count347
\c@biburllcpenalty=\count348
\biburlbigskip=\muskip12
\biburlnumskip=\muskip13
\biburlucskip=\muskip14
\biburllcskip=\muskip15
\c@smartand=\count349
)
Package biblatex Info: Trying to load bibliography style 'numeric'...
Package biblatex Info: ... file 'numeric.bbx' found.

(/usr/share/texmf-dist/tex/latex/biblatex/bbx/numeric.bbx
File: numeric.bbx 2019/08/31 v3.13a biblatex bibliography style (PK/MW)
Package biblatex Info: Trying to load bibliography style 'standard'...
Package biblatex Info: ... file 'standard.bbx' found.

(/usr/share/texmf-dist/tex/latex/biblatex/bbx/standard.bbx
File: standard.bbx 2019/08/31 v3.13a biblatex bibliography style (PK/MW)
\c@bbx:relatedcount=\count350
\c@bbx:relatedtotal=\count351
))
Package biblatex Info: Trying to load citation style 'authortitle'...
Package biblatex Info: ... file 'authortitle.cbx' found.

(/usr/share/texmf-dist/tex/latex/biblatex/cbx/authortitle.cbx
File: authortitle.cbx 2019/08/31 v3.13a biblatex citation style (PK/MW)
Package biblatex Info: Redefining '\cite'.
Package biblatex Info: Redefining '\parencite'.
Package biblatex Info: Redefining '\footcite'.
Package biblatex Info: Redefining '\footcitetext'.
Package biblatex Info: Redefining '\smartcite'.
Package biblatex Info: Redefining '\textcite'.
Package biblatex Info: Redefining '\textcites'.
)
Package biblatex Info: Trying to load configuration file...
Package biblatex Info: ... file 'biblatex.cfg' found.

(/usr/share/texmf-dist/tex/latex/biblatex/biblatex.cfg
File: biblatex.cfg 
))
(/usr/share/texmf-dist/tex/latex/xpatch/xpatch.sty
(/usr/share/texmf-dist/tex/latex/l3kernel/expl3.sty
Package: expl3 2019-10-28 L3 programming layer (loader) 

(/usr/share/texmf-dist/tex/latex/l3kernel/expl3-code.tex
Package: expl3 2019-10-28 L3 programming layer (code)
\c_max_int=\count352
\l_tmpa_int=\count353
\l_tmpb_int=\count354
\g_tmpa_int=\count355
\g_tmpb_int=\count356
\l__seq_internal_a_int=\count357
\l__seq_internal_b_int=\count358
\g__kernel_prg_map_int=\count359
\c__ior_term_noprompt_ior=\count360
\c_log_iow=\count361
\l_iow_line_count_int=\count362
\l__iow_line_target_int=\count363
\l__iow_one_indent_int=\count364
\l__iow_indent_int=\count365
\c_zero_dim=\dimen260
\c_max_dim=\dimen261
\l_tmpa_dim=\dimen262
\l_tmpb_dim=\dimen263
\g_tmpa_dim=\dimen264
\g_tmpb_dim=\dimen265
\c_zero_skip=\skip82
\c_max_skip=\skip83
\l_tmpa_skip=\skip84
\l_tmpb_skip=\skip85
\g_tmpa_skip=\skip86
\g_tmpb_skip=\skip87
\c_zero_muskip=\muskip16
\c_max_muskip=\muskip17
\l_tmpa_muskip=\muskip18
\l_tmpb_muskip=\muskip19
\g_tmpa_muskip=\muskip20
\g_tmpb_muskip=\muskip21
\l_keys_choice_int=\count366
\l__intarray_loop_int=\count367
\c__intarray_sp_dim=\dimen266
\g__intarray_font_int=\count368
\c__fp_leading_shift_int=\count369
\c__fp_middle_shift_int=\count370
\c__fp_trailing_shift_int=\count371
\c__fp_big_leading_shift_int=\count372
\c__fp_big_middle_shift_int=\count373
\c__fp_big_trailing_shift_int=\count374
\c__fp_Bigg_leading_shift_int=\count375
\c__fp_Bigg_middle_shift_int=\count376
\c__fp_Bigg_trailing_shift_int=\count377
\c__kernel_randint_max_int=\count378
\g__fp_array_int=\count379
\l__fp_array_loop_int=\count380
\l__sort_length_int=\count381
\l__sort_min_int=\count382
\l__sort_top_int=\count383
\l__sort_max_int=\count384
\l__sort_true_max_int=\count385
\l__sort_block_int=\count386
\l__sort_begin_int=\count387
\l__sort_end_int=\count388
\l__sort_A_int=\count389
\l__sort_B_int=\count390
\l__sort_C_int=\count391
\l__str_internal_int=\count392
\c__str_replacement_char_int=\count393
\l__tl_analysis_normal_int=\count394
\l__tl_analysis_index_int=\count395
\l__tl_analysis_nesting_int=\count396
\l__tl_analysis_type_int=\count397
\l__regex_internal_a_int=\count398
\l__regex_internal_b_int=\count399
\l__regex_internal_c_int=\count400
\l__regex_balance_int=\count401
\l__regex_group_level_int=\count402
\l__regex_mode_int=\count403
\c__regex_cs_in_class_mode_int=\count404
\c__regex_cs_mode_int=\count405
\l__regex_catcodes_int=\count406
\l__regex_default_catcodes_int=\count407
\c__regex_catcode_D_int=\count408
\c__regex_catcode_S_int=\count409
\c__regex_catcode_L_int=\count410
\c__regex_catcode_O_int=\count411
\c__regex_catcode_A_int=\count412
\c__regex_all_catcodes_int=\count413
\l__regex_show_lines_int=\count414
\l__regex_min_state_int=\count415
\l__regex_max_state_int=\count416
\l__regex_left_state_int=\count417
\l__regex_right_state_int=\count418
\l__regex_capturing_group_int=\count419
\l__regex_min_pos_int=\count420
\l__regex_max_pos_int=\count421
\l__regex_curr_pos_int=\count422
\l__regex_start_pos_int=\count423
\l__regex_success_pos_int=\count424
\l__regex_curr_char_int=\count425
\l__regex_curr_catcode_int=\count426
\l__regex_last_char_int=\count427
\l__regex_case_changed_char_int=\count428
\l__regex_curr_state_int=\count429
\l__regex_step_int=\count430
\l__regex_min_active_int=\count431
\l__regex_max_active_int=\count432
\l__regex_replacement_csnames_int=\count433
\l__regex_match_count_int=\count434
\l__regex_min_submatch_int=\count435
\l__regex_submatch_int=\count436
\l__regex_zeroth_submatch_int=\count437
\g__regex_trace_regex_int=\count438
\c_empty_box=\box57
\l_tmpa_box=\box58
\l_tmpb_box=\box59
\g_tmpa_box=\box60
\g_tmpb_box=\box61
\l__box_top_dim=\dimen267
\l__box_bottom_dim=\dimen268
\l__box_left_dim=\dimen269
\l__box_right_dim=\dimen270
\l__box_top_new_dim=\dimen271
\l__box_bottom_new_dim=\dimen272
\l__box_left_new_dim=\dimen273
\l__box_right_new_dim=\dimen274
\l__box_internal_box=\box62
\l__coffin_internal_box=\box63
\l__coffin_internal_dim=\dimen275
\l__coffin_offset_x_dim=\dimen276
\l__coffin_offset_y_dim=\dimen277
\l__coffin_x_dim=\dimen278
\l__coffin_y_dim=\dimen279
\l__coffin_x_prime_dim=\dimen280
\l__coffin_y_prime_dim=\dimen281
\c_empty_coffin=\box64
\l__coffin_aligned_coffin=\box65
\l__coffin_aligned_internal_coffin=\box66
\l_tmpa_coffin=\box67
\l_tmpb_coffin=\box68
\g_tmpa_coffin=\box69
\g_tmpb_coffin=\box70
\l__coffin_bounding_shift_dim=\dimen282
\l__coffin_left_corner_dim=\dimen283
\l__coffin_right_corner_dim=\dimen284
\l__coffin_bottom_corner_dim=\dimen285
\l__coffin_top_corner_dim=\dimen286
\l__coffin_scaled_total_height_dim=\dimen287
\l__coffin_scaled_width_dim=\dimen288
\c__coffin_empty_coffin=\box71
\l__coffin_display_coffin=\box72
\l__coffin_display_coord_coffin=\box73
\l__coffin_display_pole_coffin=\box74
\l__coffin_display_offset_dim=\dimen289
\l__coffin_display_x_dim=\dimen290
\l__coffin_display_y_dim=\dimen291
\g__char_data_ior=\read3

(/usr/share/texmf-dist/tex/latex/l3kernel/l3deprecation.def
File: l3deprecation.def 2019-04-06 v L3 Deprecated functions
))
(/usr/share/texmf-dist/tex/latex/l3backend/l3backend-pdfmode.def
File: l3backend-pdfmode.def 2019-04-06 L3 backend support: PDF mode
\l__kernel_color_stack_int=\count439
\l__pdf_internal_box=\box75
))
Package: xpatch 2012/10/02 v0.3 Extending etoolbox patching commands

(/usr/share/texmf-dist/tex/latex/l3packages/xparse/xparse.sty
Package: xparse 2019-10-11 L3 Experimental document command parser
\l__xparse_current_arg_int=\count440
\g__xparse_grabber_int=\count441
\l__xparse_m_args_int=\count442
\l__xparse_v_nesting_int=\count443
))
(/usr/share/texmf-dist/tex/latex/tools/longtable.sty
Package: longtable 2019/02/06 v4.12 Multi-page Table package (DPC)
\LTleft=\skip88
\LTright=\skip89
\LTpre=\skip90
\LTpost=\skip91
\LTchunksize=\count444
\LTcapwidth=\dimen292
\LT@head=\box76
\LT@firsthead=\box77
\LT@foot=\box78
\LT@lastfoot=\box79
\LT@cols=\count445
\LT@rows=\count446
\c@LT@tables=\count447
\c@LT@chunks=\count448
\LT@p@ftn=\toks47
)
(/usr/share/texmf-dist/tex/latex/wrapfig/wrapfig.sty
\wrapoverhang=\dimen293
\WF@size=\dimen294
\c@WF@wrappedlines=\count449
\WF@box=\box80
\WF@everypar=\toks48
Package: wrapfig 2003/01/31  v 3.6
)
(/home/schnecki/texmf/tex/latex/local/ijpr/rotating.sty
Package: rotating 1997/09/26, v2.13 Rotation package
\c@r@tfl@t=\count450
\rot@float@box=\box81
)
(/usr/share/texmf-dist/tex/generic/ulem/ulem.sty
\UL@box=\box82
\UL@hyphenbox=\box83
\UL@skip=\skip92
\UL@hook=\toks49
\UL@height=\dimen295
\UL@pe=\count451
\UL@pixel=\dimen296
\ULC@box=\box84
Package: ulem 2012/05/18
\ULdepth=\dimen297
)
(/usr/share/texmf-dist/tex/latex/base/textcomp.sty
Package: textcomp 2018/08/11 v2.0j Standard LaTeX package
Package textcomp Info: Sub-encoding information:
(textcomp)               5 = only ISO-Adobe without \textcurrency
(textcomp)               4 = 5 + \texteuro
(textcomp)               3 = 4 + \textohm
(textcomp)               2 = 3 + \textestimated + \textcurrency
(textcomp)               1 = TS1 - \textcircled - \t
(textcomp)               0 = TS1 (full)
(textcomp)             Font families with sub-encoding setting implement
(textcomp)             only a restricted character set as indicated.
(textcomp)             Family '?' is the default used for unknown fonts.
(textcomp)             See the documentation for details.
Package textcomp Info: Setting ? sub-encoding to TS1/1 on input line 79.

(/usr/share/texmf-dist/tex/latex/base/ts1enc.def
File: ts1enc.def 2001/06/05 v3.0e (jk/car/fm) Standard LaTeX file
Now handling font encoding TS1 ...
... processing UTF-8 mapping file for font encoding TS1

(/usr/share/texmf-dist/tex/latex/base/ts1enc.dfu
File: ts1enc.dfu 2019/07/11 v1.2j UTF-8 support for inputenc
   defining Unicode char U+00A2 (decimal 162)
   defining Unicode char U+00A3 (decimal 163)
   defining Unicode char U+00A4 (decimal 164)
   defining Unicode char U+00A5 (decimal 165)
   defining Unicode char U+00A6 (decimal 166)
   defining Unicode char U+00A7 (decimal 167)
   defining Unicode char U+00A8 (decimal 168)
   defining Unicode char U+00A9 (decimal 169)
   defining Unicode char U+00AA (decimal 170)
   defining Unicode char U+00AC (decimal 172)
   defining Unicode char U+00AE (decimal 174)
   defining Unicode char U+00AF (decimal 175)
   defining Unicode char U+00B0 (decimal 176)
   defining Unicode char U+00B1 (decimal 177)
   defining Unicode char U+00B2 (decimal 178)
   defining Unicode char U+00B3 (decimal 179)
   defining Unicode char U+00B4 (decimal 180)
   defining Unicode char U+00B5 (decimal 181)
   defining Unicode char U+00B6 (decimal 182)
   defining Unicode char U+00B7 (decimal 183)
   defining Unicode char U+00B9 (decimal 185)
   defining Unicode char U+00BA (decimal 186)
   defining Unicode char U+00BC (decimal 188)
   defining Unicode char U+00BD (decimal 189)
   defining Unicode char U+00BE (decimal 190)
   defining Unicode char U+00D7 (decimal 215)
   defining Unicode char U+00F7 (decimal 247)
   defining Unicode char U+0192 (decimal 402)
   defining Unicode char U+02C7 (decimal 711)
   defining Unicode char U+02D8 (decimal 728)
   defining Unicode char U+02DD (decimal 733)
   defining Unicode char U+0E3F (decimal 3647)
   defining Unicode char U+2016 (decimal 8214)
   defining Unicode char U+2020 (decimal 8224)
   defining Unicode char U+2021 (decimal 8225)
   defining Unicode char U+2022 (decimal 8226)
   defining Unicode char U+2030 (decimal 8240)
   defining Unicode char U+2031 (decimal 8241)
   defining Unicode char U+203B (decimal 8251)
   defining Unicode char U+203D (decimal 8253)
   defining Unicode char U+2044 (decimal 8260)
   defining Unicode char U+204E (decimal 8270)
   defining Unicode char U+2052 (decimal 8274)
   defining Unicode char U+20A1 (decimal 8353)
   defining Unicode char U+20A4 (decimal 8356)
   defining Unicode char U+20A6 (decimal 8358)
   defining Unicode char U+20A9 (decimal 8361)
   defining Unicode char U+20AB (decimal 8363)
   defining Unicode char U+20AC (decimal 8364)
   defining Unicode char U+20B1 (decimal 8369)
   defining Unicode char U+2103 (decimal 8451)
   defining Unicode char U+2116 (decimal 8470)
   defining Unicode char U+2117 (decimal 8471)
   defining Unicode char U+211E (decimal 8478)
   defining Unicode char U+2120 (decimal 8480)
   defining Unicode char U+2122 (decimal 8482)
   defining Unicode char U+2126 (decimal 8486)
   defining Unicode char U+2127 (decimal 8487)
   defining Unicode char U+212E (decimal 8494)
   defining Unicode char U+2190 (decimal 8592)
   defining Unicode char U+2191 (decimal 8593)
   defining Unicode char U+2192 (decimal 8594)
   defining Unicode char U+2193 (decimal 8595)
   defining Unicode char U+2329 (decimal 9001)
   defining Unicode char U+232A (decimal 9002)
   defining Unicode char U+2422 (decimal 9250)
   defining Unicode char U+25E6 (decimal 9702)
   defining Unicode char U+25EF (decimal 9711)
   defining Unicode char U+266A (decimal 9834)
   defining Unicode char U+27E8 (decimal 10216)
   defining Unicode char U+27E9 (decimal 10217)
   defining Unicode char U+FEFF (decimal 65279)
))
LaTeX Info: Redefining \oldstylenums on input line 334.
Package textcomp Info: Setting cmr sub-encoding to TS1/0 on input line 349.
Package textcomp Info: Setting cmss sub-encoding to TS1/0 on input line 350.
Package textcomp Info: Setting cmtt sub-encoding to TS1/0 on input line 351.
Package textcomp Info: Setting cmvtt sub-encoding to TS1/0 on input line 352.
Package textcomp Info: Setting cmbr sub-encoding to TS1/0 on input line 353.
Package textcomp Info: Setting cmtl sub-encoding to TS1/0 on input line 354.
Package textcomp Info: Setting ccr sub-encoding to TS1/0 on input line 355.
Package textcomp Info: Setting ptm sub-encoding to TS1/4 on input line 356.
Package textcomp Info: Setting pcr sub-encoding to TS1/4 on input line 357.
Package textcomp Info: Setting phv sub-encoding to TS1/4 on input line 358.
Package textcomp Info: Setting ppl sub-encoding to TS1/3 on input line 359.
Package textcomp Info: Setting pag sub-encoding to TS1/4 on input line 360.
Package textcomp Info: Setting pbk sub-encoding to TS1/4 on input line 361.
Package textcomp Info: Setting pnc sub-encoding to TS1/4 on input line 362.
Package textcomp Info: Setting pzc sub-encoding to TS1/4 on input line 363.
Package textcomp Info: Setting bch sub-encoding to TS1/4 on input line 364.
Package textcomp Info: Setting put sub-encoding to TS1/5 on input line 365.
Package textcomp Info: Setting uag sub-encoding to TS1/5 on input line 366.
Package textcomp Info: Setting ugq sub-encoding to TS1/5 on input line 367.
Package textcomp Info: Setting ul8 sub-encoding to TS1/4 on input line 368.
Package textcomp Info: Setting ul9 sub-encoding to TS1/4 on input line 369.
Package textcomp Info: Setting augie sub-encoding to TS1/5 on input line 370.
Package textcomp Info: Setting dayrom sub-encoding to TS1/3 on input line 371.
Package textcomp Info: Setting dayroms sub-encoding to TS1/3 on input line 372.

Package textcomp Info: Setting pxr sub-encoding to TS1/0 on input line 373.
Package textcomp Info: Setting pxss sub-encoding to TS1/0 on input line 374.
Package textcomp Info: Setting pxtt sub-encoding to TS1/0 on input line 375.
Package textcomp Info: Setting txr sub-encoding to TS1/0 on input line 376.
Package textcomp Info: Setting txss sub-encoding to TS1/0 on input line 377.
Package textcomp Info: Setting txtt sub-encoding to TS1/0 on input line 378.
Package textcomp Info: Setting lmr sub-encoding to TS1/0 on input line 379.
Package textcomp Info: Setting lmdh sub-encoding to TS1/0 on input line 380.
Package textcomp Info: Setting lmss sub-encoding to TS1/0 on input line 381.
Package textcomp Info: Setting lmssq sub-encoding to TS1/0 on input line 382.
Package textcomp Info: Setting lmvtt sub-encoding to TS1/0 on input line 383.
Package textcomp Info: Setting lmtt sub-encoding to TS1/0 on input line 384.
Package textcomp Info: Setting qhv sub-encoding to TS1/0 on input line 385.
Package textcomp Info: Setting qag sub-encoding to TS1/0 on input line 386.
Package textcomp Info: Setting qbk sub-encoding to TS1/0 on input line 387.
Package textcomp Info: Setting qcr sub-encoding to TS1/0 on input line 388.
Package textcomp Info: Setting qcs sub-encoding to TS1/0 on input line 389.
Package textcomp Info: Setting qpl sub-encoding to TS1/0 on input line 390.
Package textcomp Info: Setting qtm sub-encoding to TS1/0 on input line 391.
Package textcomp Info: Setting qzc sub-encoding to TS1/0 on input line 392.
Package textcomp Info: Setting qhvc sub-encoding to TS1/0 on input line 393.
Package textcomp Info: Setting futs sub-encoding to TS1/4 on input line 394.
Package textcomp Info: Setting futx sub-encoding to TS1/4 on input line 395.
Package textcomp Info: Setting futj sub-encoding to TS1/4 on input line 396.
Package textcomp Info: Setting hlh sub-encoding to TS1/3 on input line 397.
Package textcomp Info: Setting hls sub-encoding to TS1/3 on input line 398.
Package textcomp Info: Setting hlst sub-encoding to TS1/3 on input line 399.
Package textcomp Info: Setting hlct sub-encoding to TS1/5 on input line 400.
Package textcomp Info: Setting hlx sub-encoding to TS1/5 on input line 401.
Package textcomp Info: Setting hlce sub-encoding to TS1/5 on input line 402.
Package textcomp Info: Setting hlcn sub-encoding to TS1/5 on input line 403.
Package textcomp Info: Setting hlcw sub-encoding to TS1/5 on input line 404.
Package textcomp Info: Setting hlcf sub-encoding to TS1/5 on input line 405.
Package textcomp Info: Setting pplx sub-encoding to TS1/3 on input line 406.
Package textcomp Info: Setting pplj sub-encoding to TS1/3 on input line 407.
Package textcomp Info: Setting ptmx sub-encoding to TS1/4 on input line 408.
Package textcomp Info: Setting ptmj sub-encoding to TS1/4 on input line 409.
)
(/usr/share/texmf-dist/tex/latex/pgf/frontendlayer/tikz.sty
(/usr/share/texmf-dist/tex/latex/pgf/basiclayer/pgf.sty
Package: pgf 2019/08/03 v3.1.4b (3.1.4b)

(/usr/share/texmf-dist/tex/generic/pgf/modules/pgfmoduleshapes.code.tex
File: pgfmoduleshapes.code.tex 2019/08/03 v3.1.4b (3.1.4b)
\pgfnodeparttextbox=\box85
)
(/usr/share/texmf-dist/tex/generic/pgf/modules/pgfmoduleplot.code.tex
File: pgfmoduleplot.code.tex 2019/08/03 v3.1.4b (3.1.4b)
)
(/usr/share/texmf-dist/tex/latex/pgf/compatibility/pgfcomp-version-0-65.sty
Package: pgfcomp-version-0-65 2019/08/03 v3.1.4b (3.1.4b)
\pgf@nodesepstart=\dimen298
\pgf@nodesepend=\dimen299
)
(/usr/share/texmf-dist/tex/latex/pgf/compatibility/pgfcomp-version-1-18.sty
Package: pgfcomp-version-1-18 2019/08/03 v3.1.4b (3.1.4b)
))
(/usr/share/texmf-dist/tex/latex/pgf/utilities/pgffor.sty
(/usr/share/texmf-dist/tex/latex/pgf/utilities/pgfkeys.sty
(/usr/share/texmf-dist/tex/generic/pgf/utilities/pgfkeys.code.tex))
(/usr/share/texmf-dist/tex/latex/pgf/math/pgfmath.sty
(/usr/share/texmf-dist/tex/generic/pgf/math/pgfmath.code.tex))
(/usr/share/texmf-dist/tex/generic/pgf/utilities/pgffor.code.tex
Package: pgffor 2019/08/03 v3.1.4b (3.1.4b)

(/usr/share/texmf-dist/tex/generic/pgf/math/pgfmath.code.tex)
\pgffor@iter=\dimen300
\pgffor@skip=\dimen301
\pgffor@stack=\toks50
\pgffor@toks=\toks51
))
(/usr/share/texmf-dist/tex/generic/pgf/frontendlayer/tikz/tikz.code.tex
Package: tikz 2019/08/03 v3.1.4b (3.1.4b)

(/usr/share/texmf-dist/tex/generic/pgf/libraries/pgflibraryplothandlers.code.te
x
File: pgflibraryplothandlers.code.tex 2019/08/03 v3.1.4b (3.1.4b)
\pgf@plot@mark@count=\count452
\pgfplotmarksize=\dimen302
)
\tikz@lastx=\dimen303
\tikz@lasty=\dimen304
\tikz@lastxsaved=\dimen305
\tikz@lastysaved=\dimen306
\tikz@lastmovetox=\dimen307
\tikz@lastmovetoy=\dimen308
\tikzleveldistance=\dimen309
\tikzsiblingdistance=\dimen310
\tikz@figbox=\box86
\tikz@figbox@bg=\box87
\tikz@tempbox=\box88
\tikz@tempbox@bg=\box89
\tikztreelevel=\count453
\tikznumberofchildren=\count454
\tikznumberofcurrentchild=\count455
\tikz@fig@count=\count456
 (/usr/share/texmf-dist/tex/generic/pgf/modules/pgfmodulematrix.code.tex
File: pgfmodulematrix.code.tex 2019/08/03 v3.1.4b (3.1.4b)
\pgfmatrixcurrentrow=\count457
\pgfmatrixcurrentcolumn=\count458
\pgf@matrix@numberofcolumns=\count459
)
\tikz@expandcount=\count460

(/usr/share/texmf-dist/tex/generic/pgf/frontendlayer/tikz/libraries/tikzlibrary
topaths.code.tex
File: tikzlibrarytopaths.code.tex 2019/08/03 v3.1.4b (3.1.4b)
)))
(/usr/share/texmf-dist/tex/generic/pgf/frontendlayer/tikz/libraries/tikzlibrary
patterns.code.tex
File: tikzlibrarypatterns.code.tex 2019/08/03 v3.1.4b (3.1.4b)

(/usr/share/texmf-dist/tex/generic/pgf/libraries/pgflibrarypatterns.code.tex
File: pgflibrarypatterns.code.tex 2019/08/03 v3.1.4b (3.1.4b)
))
(/usr/share/texmf-dist/tex/generic/pgf/frontendlayer/tikz/libraries/tikzlibrary
calc.code.tex
File: tikzlibrarycalc.code.tex 2019/08/03 v3.1.4b (3.1.4b)
)
(/usr/share/texmf-dist/tex/generic/pgf/frontendlayer/tikz/libraries/tikzlibrary
math.code.tex
(/usr/share/texmf-dist/tex/generic/pgf/frontendlayer/tikz/libraries/tikzlibrary
fpu.code.tex
(/usr/share/texmf-dist/tex/generic/pgf/libraries/pgflibraryfpu.code.tex))
\tikz@math@for@depth=\count461
\tikz@math@dimen=\dimen311
\tikz@math@toks=\toks52
)
(/usr/share/texmf-dist/tex/generic/pgf/frontendlayer/tikz/libraries/tikzlibrary
decorations.pathreplacing.code.tex
(/usr/share/texmf-dist/tex/generic/pgf/frontendlayer/tikz/libraries/tikzlibrary
decorations.code.tex
(/usr/share/texmf-dist/tex/generic/pgf/modules/pgfmoduledecorations.code.tex
\pgfdecoratedcompleteddistance=\dimen312
\pgfdecoratedremainingdistance=\dimen313
\pgfdecoratedinputsegmentcompleteddistance=\dimen314
\pgfdecoratedinputsegmentremainingdistance=\dimen315
\pgf@decorate@distancetomove=\dimen316
\pgf@decorate@repeatstate=\count462
\pgfdecorationsegmentamplitude=\dimen317
\pgfdecorationsegmentlength=\dimen318
)
\tikz@lib@dec@box=\box90
)
(/usr/share/texmf-dist/tex/generic/pgf/libraries/decorations/pgflibrarydecorati
ons.pathreplacing.code.tex))
(/usr/share/texmf-dist/tex/generic/pgf/frontendlayer/tikz/libraries/tikzlibrary
shapes.code.tex
File: tikzlibraryshapes.code.tex 2019/08/03 v3.1.4b (3.1.4b)

(/usr/share/texmf-dist/tex/generic/pgf/frontendlayer/tikz/libraries/tikzlibrary
shapes.geometric.code.tex
File: tikzlibraryshapes.geometric.code.tex 2019/08/03 v3.1.4b (3.1.4b)

(/usr/share/texmf-dist/tex/generic/pgf/libraries/shapes/pgflibraryshapes.geomet
ric.code.tex
File: pgflibraryshapes.geometric.code.tex 2019/08/03 v3.1.4b (3.1.4b)
))
(/usr/share/texmf-dist/tex/generic/pgf/frontendlayer/tikz/libraries/tikzlibrary
shapes.misc.code.tex
File: tikzlibraryshapes.misc.code.tex 2019/08/03 v3.1.4b (3.1.4b)

(/usr/share/texmf-dist/tex/generic/pgf/libraries/shapes/pgflibraryshapes.misc.c
ode.tex
File: pgflibraryshapes.misc.code.tex 2019/08/03 v3.1.4b (3.1.4b)
))
(/usr/share/texmf-dist/tex/generic/pgf/frontendlayer/tikz/libraries/tikzlibrary
shapes.symbols.code.tex
File: tikzlibraryshapes.symbols.code.tex 2019/08/03 v3.1.4b (3.1.4b)

(/usr/share/texmf-dist/tex/generic/pgf/libraries/shapes/pgflibraryshapes.symbol
s.code.tex
File: pgflibraryshapes.symbols.code.tex 2019/08/03 v3.1.4b (3.1.4b)
))
(/usr/share/texmf-dist/tex/generic/pgf/frontendlayer/tikz/libraries/tikzlibrary
shapes.arrows.code.tex
File: tikzlibraryshapes.arrows.code.tex 2019/08/03 v3.1.4b (3.1.4b)

(/usr/share/texmf-dist/tex/generic/pgf/libraries/shapes/pgflibraryshapes.arrows
.code.tex
File: pgflibraryshapes.arrows.code.tex 2019/08/03 v3.1.4b (3.1.4b)
))
(/usr/share/texmf-dist/tex/generic/pgf/frontendlayer/tikz/libraries/tikzlibrary
shapes.callouts.code.tex
(/usr/share/texmf-dist/tex/generic/pgf/libraries/shapes/pgflibraryshapes.callou
ts.code.tex))
(/usr/share/texmf-dist/tex/generic/pgf/frontendlayer/tikz/libraries/tikzlibrary
shapes.multipart.code.tex
File: tikzlibraryshapes.multipart.code.tex 2019/08/03 v3.1.4b (3.1.4b)

(/usr/share/texmf-dist/tex/generic/pgf/libraries/shapes/pgflibraryshapes.multip
art.code.tex
File: pgflibraryshapes.multipart.code.tex 2019/08/03 v3.1.4b (3.1.4b)
\pgfnodepartlowerbox=\box91
\pgfnodeparttwobox=\box92
\pgfnodepartthreebox=\box93
\pgfnodepartfourbox=\box94
\pgfnodeparttwentybox=\box95
\pgfnodepartnineteenbox=\box96
\pgfnodeparteighteenbox=\box97
\pgfnodepartseventeenbox=\box98
\pgfnodepartsixteenbox=\box99
\pgfnodepartfifteenbox=\box100
\pgfnodepartfourteenbox=\box101
\pgfnodepartthirteenbox=\box102
\pgfnodeparttwelvebox=\box103
\pgfnodepartelevenbox=\box104
\pgfnodeparttenbox=\box105
\pgfnodepartninebox=\box106
\pgfnodeparteightbox=\box107
\pgfnodepartsevenbox=\box108
\pgfnodepartsixbox=\box109
\pgfnodepartfivebox=\box110
)))
(/usr/share/texmf-dist/tex/generic/pgf/frontendlayer/tikz/libraries/tikzlibrary
arrows.code.tex
File: tikzlibraryarrows.code.tex 2019/08/03 v3.1.4b (3.1.4b)

(/usr/share/texmf-dist/tex/generic/pgf/libraries/pgflibraryarrows.code.tex
File: pgflibraryarrows.code.tex 2019/08/03 v3.1.4b (3.1.4b)
\arrowsize=\dimen319
))
(/usr/share/texmf-dist/tex/latex/relsize/relsize.sty
Package: relsize 2013/03/29 ver 4.1
)
(/usr/share/texmf-dist/tex/latex/marvosym/marvosym.sty
Package: marvosym 2011/07/20 v2.2 Martin Vogel's Symbols font definitions
)
(/usr/share/texmf-dist/tex/latex/multirow/multirow.sty
Package: multirow 2019/05/31 v2.5 Span multiple rows of a table
\multirow@colwidth=\skip93
\multirow@cntb=\count463
\multirow@dima=\skip94
\bigstrutjot=\dimen320
)
(/usr/share/texmf-dist/tex/latex/capt-of/capt-of.sty
Package: capt-of 2009/12/29 v0.2 standard captions outside of floats
)
(/usr/share/texmf-dist/tex/latex/eurosym/eurosym.sty
Package: eurosym 1998/08/06 v1.1 European currency symbol ``Euro''
\@eurobox=\box111
)
(/usr/share/texmf-dist/tex/generic/babel/babel.sty
Package: babel 2019/10/15 3.35 The Babel package

(/usr/share/texmf-dist/tex/generic/babel/switch.def
File: switch.def 2019/10/15 3.35 Babel switching mechanism
)
(/usr/share/texmf-dist/tex/generic/babel-english/english.ldf
Language: english 2017/06/06 v3.3r English support from the babel system

(/usr/share/texmf-dist/tex/generic/babel/babel.def
File: babel.def 2019/10/15 3.35 Babel common definitions
\babel@savecnt=\count464
\U@D=\dimen321

(/usr/share/texmf-dist/tex/generic/babel/txtbabel.def)
LaTeX Info: Redefining \textlatin on input line 2185.
\bbl@dirlevel=\count465
)
\l@canadian = a dialect from \language\l@american 
\l@australian = a dialect from \language\l@british 
\l@newzealand = a dialect from \language\l@british 
))
(/usr/share/texmf-dist/tex/latex/oberdiek/accsupp.sty
Package: accsupp 2018/03/28 v0.5 Accessibility support by marked content (HO)

(/usr/share/texmf-dist/tex/latex/oberdiek/accsupp-pdftex.def
File: accsupp-pdftex.def 2018/03/28 v0.5 accsupp driver for pdfTeX (HO)
))
(/usr/share/texmf-dist/tex/latex/tools/verbatim.sty
Package: verbatim 2014/10/28 v1.5q LaTeX2e package for verbatim enhancements
\every@verbatim=\toks53
\verbatim@line=\toks54
\verbatim@in@stream=\read4
)
(/usr/share/texmf-dist/tex/latex/algorithms/algorithm.sty
Package: algorithm 2009/08/24 v0.1 Document Style `algorithm' - floating enviro
nment

(/usr/share/texmf-dist/tex/latex/float/float.sty
Package: float 2001/11/08 v1.3d Float enhancements (AL)
\c@float@type=\count466
\float@exts=\toks55
\float@box=\box112
\@float@everytoks=\toks56
\@floatcapt=\box113
)
\@float@every@algorithm=\toks57
\c@algorithm=\count467
)
(/usr/share/texmf-dist/tex/latex/appendixnumberbeamer/appendixnumberbeamer.sty)
(/usr/share/texmf-dist/tex/latex/overpic/overpic.sty
Package: overpic 2018/09/02 1.2 picture overlays (RN)

(/usr/share/texmf-dist/tex/latex/eepic/epic.sty
Enhancements to Picture Environment. Version 1.2 - Released June 1, 1986
\@@multicnt=\count468
\d@lta=\count469
\@delta=\dimen322
\@@delta=\dimen323
\@gridcnt=\count470
\@joinkind=\count471
\@dotgap=\dimen324
\@ddotgap=\dimen325
\@x@diff=\count472
\@y@diff=\count473
\x@diff=\dimen326
\y@diff=\dimen327
\@dotbox=\box114
\num@segments=\count474
\num@segmentsi=\count475
\@datafile=\read5
)
\OVP@box=\box115
) (/usr/share/texmf-dist/tex/latex/mathtools/mathtools.sty
Package: mathtools 2019/07/31 v1.22 mathematical typesetting tools

(/usr/share/texmf-dist/tex/latex/tools/calc.sty
Package: calc 2017/05/25 v4.3 Infix arithmetic (KKT,FJ)
\calc@Acount=\count476
\calc@Bcount=\count477
\calc@Adimen=\dimen328
\calc@Bdimen=\dimen329
\calc@Askip=\skip95
\calc@Bskip=\skip96
LaTeX Info: Redefining \setlength on input line 80.
LaTeX Info: Redefining \addtolength on input line 81.
\calc@Ccount=\count478
\calc@Cskip=\skip97
)
(/usr/share/texmf-dist/tex/latex/mathtools/mhsetup.sty
Package: mhsetup 2017/03/31 v1.3 programming setup (MH)
)
LaTeX Info: Thecontrolsequence`\('isalreadyrobust on input line 129.
LaTeX Info: Thecontrolsequence`\)'isalreadyrobust on input line 129.
LaTeX Info: Thecontrolsequence`\['isalreadyrobust on input line 129.
LaTeX Info: Thecontrolsequence`\]'isalreadyrobust on input line 129.
\g_MT_multlinerow_int=\count479
\l_MT_multwidth_dim=\dimen330
\origjot=\skip98
\l_MT_shortvdotswithinadjustabove_dim=\dimen331
\l_MT_shortvdotswithinadjustbelow_dim=\dimen332
\l_MT_above_intertext_sep=\dimen333
\l_MT_below_intertext_sep=\dimen334
\l_MT_above_shortintertext_sep=\dimen335
\l_MT_below_shortintertext_sep=\dimen336
)
(/usr/share/texmf-dist/tex/latex/bussproofs/bussproofs.sty
Proof Tree (bussproofs) style macros. Version 1.1.
\theLevel=\count480
\myMaxLevel=\count481
\myBoxA=\box116
\myBoxB=\box117
\myBoxC=\box118
\myBoxD=\box119
\myBoxLL=\box120
\myBoxRL=\box121
\thisAboveSkip=\dimen337
\thisBelowSkip=\dimen338
\newScoreStart=\dimen339
\newScoreEnd=\dimen340
\newCenter=\dimen341
\displace=\dimen342
\leftLowerAmt=\dimen343
\rightLowerAmt=\dimen344
\scoreHeight=\dimen345
\scoreDepth=\dimen346
\htLbox=\dimen347
\htRbox=\dimen348
\htRRbox=\dimen349
\htRRRbox=\dimen350
\htAbox=\dimen351
\htCbox=\dimen352
) (/usr/share/texmf-dist/tex/latex/turnstile/turnstile.sty
Package: turnstile 2007/06/23 v1.0 turnstile file
\firstwidth=\skip99
\secondwidth=\skip100
\extrawidth=\skip101
\leasturnstilewidth=\skip102
\turnstilewidth=\skip103
\turnstileheight=\skip104
\dashthickness=\skip105
\ddashthickness=\skip106
\raiseup=\skip107
\raisedown=\skip108
\tinyverdistance=\skip109
\verdistance=\skip110
\lift=\skip111
\lengthvar=\skip112
\first=\box122
\second=\box123
\turnstilebox=\box124
)
(/usr/share/texmf-dist/tex/latex/lkproof/proof.sty
\inferLineSkip=\dimen353
\inferLabelSkip=\dimen354
\@LeftOffset=\dimen355
\@RightOffset=\dimen356
\@SavedLeftOffset=\dimen357
\UpperWidth=\dimen358
\LowerWidth=\dimen359
\LowerHeight=\dimen360
\UpperLeftOffset=\dimen361
\UpperRightOffset=\dimen362
\UpperCenter=\dimen363
\LowerCenter=\dimen364
\UpperAdjust=\dimen365
\RuleAdjust=\dimen366
\LowerAdjust=\dimen367
\RuleWidth=\dimen368
\HLabelAdjust=\dimen369
\VLabelAdjust=\dimen370
\WidthAdjust=\dimen371
\@UpperPart=\box125
\@LowerPart=\box126
\@LabelPart=\box127
\ResultBox=\box128
)
(/usr/share/texmf-dist/tex/latex/stmaryrd/stmaryrd.sty
Package: stmaryrd 1994/03/03 St Mary's Road symbol package
\symstmry=\mathgroup6
LaTeX Font Info:    Overwriting symbol font `stmry' in version `bold'
(Font)                  U/stmry/m/n --> U/stmry/b/n on input line 89.
)
(/usr/share/texmf-dist/tex/latex/algorithmicx/algpseudocode.sty
Package: algpseudocode 

(/usr/share/texmf-dist/tex/latex/algorithmicx/algorithmicx.sty
Package: algorithmicx 2005/04/27 v1.2 Algorithmicx

Document Style algorithmicx 1.2 - a greatly improved `algorithmic' style
\c@ALG@line=\count482
\c@ALG@rem=\count483
\c@ALG@nested=\count484
\ALG@tlm=\skip113
\ALG@thistlm=\skip114
\c@ALG@Lnr=\count485
\c@ALG@blocknr=\count486
\c@ALG@storecount=\count487
\c@ALG@tmpcounter=\count488
\ALG@tmplength=\skip115
)
Document Style - pseudocode environments for use with the `algorithmicx' style
) (/usr/share/texmf-dist/tex/latex/svg/svg.sty
Package: svg 2019/10/22 v2.02d (include SVG pictures)

(/usr/share/texmf-dist/tex/latex/koma-script/scrbase.sty
Package: scrbase 2019/10/12 v3.27 KOMA-Script package (KOMA-Script-independent 
basics and keyval usage)

(/usr/share/texmf-dist/tex/latex/koma-script/scrlfile.sty
Package: scrlfile 2019/10/12 v3.27 KOMA-Script package (loading files)


LaTeX Warning: Command \InputIfFileExists  has changed.
               Check if current package is valid.


LaTeX Warning: Command \InputIfFileExists   has changed.
               Check if current package is valid.

) (/usr/share/texmf-dist/tex/latex/filehook/filehook-scrlfile.sty
Package: filehook-scrlfile 2011/01/03 v0.1 filehook patch for scrlfile package


Package filehook Warning: Detected 'scrlfile' package with unknown definition o
f \InputIfFileExists.
The 'force' option of 'filehook' is in effect. Macro is overwritten with defaul
t! on input line 108.

)) (/usr/share/texmf-dist/tex/latex/tools/shellesc.sty
Package: shellesc 2016/06/07 v0.02b unified shell escape interface for LaTeX
Package shellesc Info: Restricted shell escape enabled on input line 72.
)
(/usr/share/texmf-dist/tex/latex/trimspaces/trimspaces.sty
Package: trimspaces 2009/09/17 v1.1 Trim spaces around a token list
)
\svg@box=\box129
\c@svg@param@lastpage=\count489


Package svg Warning: The key `svgpath' is deprecated. It's recommended
(svg)                to use `\svgpath' instead on input line 597.

\c@svg@param@currpage=\count490
) (/usr/share/texmf-dist/tex/latex/oberdiek/transparent.sty
Package: transparent 2018/11/18 v1.3 Transparency via pdfTeX's color stack (HO)

)
(/usr/share/texmf-dist/tex/latex/import/import.sty
Package: import 2009/03/23  v 5.1
)
(/home/schnecki/texmf/tex/latex/local/clbeamer/themes/theme/beamerthemeComputat
ionalLogic.sty
(/home/schnecki/texmf/tex/latex/local/clbeamer/themes/inner/beamerinnerthemecl.
sty)
(/home/schnecki/texmf/tex/latex/local/clbeamer/themes/color/beamercolorthemecl.
sty)
(/home/schnecki/texmf/tex/latex/local/clbeamer/themes/outer/beamerouterthemecl.
sty)
\@topicorexamplelength=\skip116
) (/usr/share/texmf-dist/tex/latex/psnfss/pifont.sty
Package: pifont 2005/04/12 PSNFSS-v9.2a Pi font support (SPQR) 
LaTeX Font Info:    Trying to load font information for U+pzd on input line 63.


(/usr/share/texmf-dist/tex/latex/psnfss/upzd.fd
File: upzd.fd 2001/06/04 font definitions for U/pzd.
)
LaTeX Font Info:    Trying to load font information for U+psy on input line 64.


(/usr/share/texmf-dist/tex/latex/psnfss/upsy.fd
File: upsy.fd 2001/06/04 font definitions for U/psy.
))
(/usr/share/texmf-dist/tex/latex/carlisle/scalefnt.sty) (./presentation.sty)

Package hyperref Warning: Token not allowed in a PDF string (PDFDocEncoding):
(hyperref)                removing `\\' on input line 82.


Package hyperref Warning: Token not allowed in a PDF string (PDFDocEncoding):
(hyperref)                removing `\spacefactor' on input line 82.


Package hyperref Warning: Token not allowed in a PDF string (PDFDocEncoding):
(hyperref)                removing `\@m' on input line 82.


Package hyperref Warning: Token not allowed in a PDF string (PDFDocEncoding):
(hyperref)                removing `\spacefactor' on input line 82.


Package hyperref Warning: Token not allowed in a PDF string (PDFDocEncoding):
(hyperref)                removing `\@m' on input line 82.


Package hyperref Warning: Token not allowed in a PDF string (PDFDocEncoding):
(hyperref)                removing `\\' on input line 82.


Package hyperref Warning: Token not allowed in a PDF string (PDFDocEncoding):
(hyperref)                \kern -2.17596pt
(hyperref)                removed on input line 103.


Package hyperref Warning: Token not allowed in a PDF string (PDFDocEncoding):
(hyperref)                removing `\@ifnextchar' on input line 103.


Package hyperref Warning: Token not allowed in a PDF string (PDFDocEncoding):
(hyperref)                \kern -2.17596pt
(hyperref)                removed on input line 103.

Package biblatex Info: Trying to load language 'english'...
Package biblatex Info: ... file 'english.lbx' found.
(/usr/share/texmf-dist/tex/latex/biblatex/lbx/english.lbx
File: english.lbx 2019/08/31 v3.13a biblatex localization (PK/MW)
)

Package biblatex Warning: 'babel/polyglossia' detected but 'csquotes' missing.
(biblatex)                Loading 'csquotes' recommended.

\@quotelevel=\count491
\@quotereset=\count492
(./presentation.aux)
\openout1 = `presentation.aux'.

LaTeX Font Info:    Checking defaults for OML/cmm/m/it on input line 103.
LaTeX Font Info:    ... okay on input line 103.
LaTeX Font Info:    Checking defaults for T1/cmr/m/n on input line 103.
LaTeX Font Info:    ... okay on input line 103.
LaTeX Font Info:    Checking defaults for OT1/cmr/m/n on input line 103.
LaTeX Font Info:    ... okay on input line 103.
LaTeX Font Info:    Checking defaults for OMS/cmsy/m/n on input line 103.
LaTeX Font Info:    ... okay on input line 103.
LaTeX Font Info:    Checking defaults for OMX/cmex/m/n on input line 103.
LaTeX Font Info:    ... okay on input line 103.
LaTeX Font Info:    Checking defaults for U/cmr/m/n on input line 103.
LaTeX Font Info:    ... okay on input line 103.
LaTeX Font Info:    Checking defaults for PD1/pdf/m/n on input line 103.
LaTeX Font Info:    ... okay on input line 103.
LaTeX Font Info:    Checking defaults for TS1/cmr/m/n on input line 103.
LaTeX Font Info:    Trying to load font information for TS1+cmr on input line 1
03.
 (/usr/share/texmf-dist/tex/latex/base/ts1cmr.fd
File: ts1cmr.fd 2014/09/29 v2.5h Standard LaTeX font definitions
)
LaTeX Font Info:    ... okay on input line 103.

*geometry* driver: auto-detecting
*geometry* detected driver: pdftex
*geometry* verbose mode - [ preamble ] result:
* driver: pdftex
* paper: custom
* layout: <same size as paper>
* layoutoffset:(h,v)=(0.0pt,0.0pt)
* modes: includehead includefoot 
* h-part:(L,W,R)=(28.45274pt, 307.28987pt, 28.45274pt)
* v-part:(T,H,B)=(0.0pt, 273.14662pt, 0.0pt)
* \paperwidth=364.19536pt
* \paperheight=273.14662pt
* \textwidth=307.28987pt
* \textheight=244.6939pt
* \oddsidemargin=-43.81725pt
* \evensidemargin=-43.81725pt
* \topmargin=-72.26999pt
* \headheight=14.22636pt
* \headsep=0.0pt
* \topskip=11.0pt
* \footskip=14.22636pt
* \marginparwidth=4.0pt
* \marginparsep=10.0pt
* \columnsep=10.0pt
* \skip\footins=10.0pt plus 4.0pt minus 2.0pt
* \hoffset=0.0pt
* \voffset=0.0pt
* \mag=1000
* \@twocolumnfalse
* \@twosidefalse
* \@mparswitchfalse
* \@reversemarginfalse
* (1in=72.27pt=25.4mm, 1cm=28.453pt)

(/usr/share/texmf-dist/tex/context/base/mkii/supp-pdf.mkii
[Loading MPS to PDF converter (version 2006.09.02).]
\scratchcounter=\count493
\scratchdimen=\dimen372
\scratchbox=\box130
\nofMPsegments=\count494
\nofMParguments=\count495
\everyMPshowfont=\toks58
\MPscratchCnt=\count496
\MPscratchDim=\dimen373
\MPnumerator=\count497
\makeMPintoPDFobject=\count498
\everyMPtoPDFconversion=\toks59
) (/usr/share/texmf-dist/tex/latex/oberdiek/epstopdf-base.sty
Package: epstopdf-base 2016/05/15 v2.6 Base part for package epstopdf

(/usr/share/texmf-dist/tex/latex/oberdiek/grfext.sty
Package: grfext 2016/05/16 v1.2 Manage graphics extensions (HO)
)
Package epstopdf-base Info: Redefining graphics rule for `.eps' on input line 4
38.
Package grfext Info: Graphics extension search list:
(grfext)             [.pdf,.png,.jpg,.mps,.jpeg,.jbig2,.jb2,.PDF,.PNG,.JPG,.JPE
G,.JBIG2,.JB2,.eps]
(grfext)             \AppendGraphicsExtensions on input line 456.

(/usr/share/texmf-dist/tex/latex/latexconfig/epstopdf-sys.cfg
File: epstopdf-sys.cfg 2010/07/13 v1.3 Configuration of (r)epstopdf for TeX Liv
e
))
ABD: EveryShipout initializing macros
\AtBeginShipoutBox=\box131
Package hyperref Info: Link coloring OFF on input line 103.

(/usr/share/texmf-dist/tex/latex/hyperref/nameref.sty
Package: nameref 2019/09/16 v2.46 Cross-referencing by name of section

(/usr/share/texmf-dist/tex/generic/oberdiek/gettitlestring.sty
Package: gettitlestring 2016/05/16 v1.5 Cleanup title references (HO)
)
\c@section@level=\count499
)
LaTeX Info: Redefining \ref on input line 103.
LaTeX Info: Redefining \pageref on input line 103.
LaTeX Info: Redefining \nameref on input line 103.

(./presentation.out) (./presentation.out)
\@outlinefile=\write6
\openout6 = `presentation.out'.

LaTeX Font Info:    Overwriting symbol font `operators' in version `normal'
(Font)                  OT1/cmr/m/n --> OT1/cmss/m/n on input line 103.
LaTeX Font Info:    Overwriting symbol font `operators' in version `bold'
(Font)                  OT1/cmr/bx/n --> OT1/cmss/bx/n on input line 103.
\symnumbers=\mathgroup7
\sympureletters=\mathgroup8
LaTeX Font Info:    Overwriting math alphabet `\mathrm' in version `normal'
(Font)                  OT1/cmss/m/n --> T1/cmr/m/n on input line 103.
LaTeX Font Info:    Redeclaring math alphabet \mathbf on input line 103.
LaTeX Font Info:    Overwriting math alphabet `\mathbf' in version `normal'
(Font)                  OT1/cmr/bx/n --> T1/cmss/bx/n on input line 103.
LaTeX Font Info:    Overwriting math alphabet `\mathbf' in version `bold'
(Font)                  OT1/cmr/bx/n --> T1/cmss/bx/n on input line 103.
LaTeX Font Info:    Redeclaring math alphabet \mathsf on input line 103.
LaTeX Font Info:    Overwriting math alphabet `\mathsf' in version `normal'
(Font)                  OT1/cmss/m/n --> T1/cmss/m/n on input line 103.
LaTeX Font Info:    Overwriting math alphabet `\mathsf' in version `bold'
(Font)                  OT1/cmss/bx/n --> T1/cmss/m/n on input line 103.
LaTeX Font Info:    Redeclaring math alphabet \mathit on input line 103.
LaTeX Font Info:    Overwriting math alphabet `\mathit' in version `normal'
(Font)                  OT1/cmr/m/it --> T1/cmss/m/it on input line 103.
LaTeX Font Info:    Overwriting math alphabet `\mathit' in version `bold'
(Font)                  OT1/cmr/bx/it --> T1/cmss/m/it on input line 103.
LaTeX Font Info:    Redeclaring math alphabet \mathtt on input line 103.
LaTeX Font Info:    Overwriting math alphabet `\mathtt' in version `normal'
(Font)                  OT1/cmtt/m/n --> T1/cmtt/m/n on input line 103.
LaTeX Font Info:    Overwriting math alphabet `\mathtt' in version `bold'
(Font)                  OT1/cmtt/m/n --> T1/cmtt/m/n on input line 103.
LaTeX Font Info:    Overwriting symbol font `numbers' in version `bold'
(Font)                  T1/cmss/m/n --> T1/cmss/bx/n on input line 103.
LaTeX Font Info:    Overwriting symbol font `pureletters' in version `bold'
(Font)                  T1/cmss/m/it --> T1/cmss/bx/it on input line 103.
LaTeX Font Info:    Overwriting math alphabet `\mathrm' in version `bold'
(Font)                  OT1/cmss/bx/n --> T1/cmr/bx/n on input line 103.
LaTeX Font Info:    Overwriting math alphabet `\mathbf' in version `bold'
(Font)                  T1/cmss/bx/n --> T1/cmss/bx/n on input line 103.
LaTeX Font Info:    Overwriting math alphabet `\mathsf' in version `bold'
(Font)                  T1/cmss/m/n --> T1/cmss/bx/n on input line 103.
LaTeX Font Info:    Overwriting math alphabet `\mathit' in version `bold'
(Font)                  T1/cmss/m/it --> T1/cmss/bx/it on input line 103.
LaTeX Font Info:    Overwriting math alphabet `\mathtt' in version `bold'
(Font)                  T1/cmtt/m/n --> T1/cmtt/bx/n on input line 103.


Package filehook Warning: Macro \InputIfFileExists got redefined after 'filehoo
k' was loaded.
Certain file hooks might now be dysfunctional! on input line 103.

LaTeX Font Info:    Redeclaring symbol font `pureletters' on input line 103.
LaTeX Font Info:    Encoding `T1' has changed to `OT1' for symbol font
(Font)              `pureletters' in the math version `normal' on input line 10
3.
LaTeX Font Info:    Overwriting symbol font `pureletters' in version `normal'
(Font)                  T1/cmss/m/it --> OT1/mathkerncmss/m/sl on input line 10
3.
LaTeX Font Info:    Encoding `T1' has changed to `OT1' for symbol font
(Font)              `pureletters' in the math version `bold' on input line 103.

LaTeX Font Info:    Overwriting symbol font `pureletters' in version `bold'
(Font)                  T1/cmss/bx/it --> OT1/mathkerncmss/m/sl on input line 1
03.
LaTeX Font Info:    Overwriting symbol font `pureletters' in version `bold'
(Font)                  OT1/mathkerncmss/m/sl --> OT1/mathkerncmss/bx/sl on inp
ut line 103.

(/usr/share/texmf-dist/tex/latex/translator/translator-basic-dictionary-English
.dict
Dictionary: translator-basic-dictionary, Language: English 
)
(/usr/share/texmf-dist/tex/latex/translator/translator-bibliography-dictionary-
English.dict
Dictionary: translator-bibliography-dictionary, Language: English 
)
(/usr/share/texmf-dist/tex/latex/translator/translator-environment-dictionary-E
nglish.dict
Dictionary: translator-environment-dictionary, Language: English 
)
(/usr/share/texmf-dist/tex/latex/translator/translator-months-dictionary-Englis
h.dict
Dictionary: translator-months-dictionary, Language: English 
)
(/usr/share/texmf-dist/tex/latex/translator/translator-numbers-dictionary-Engli
sh.dict
Dictionary: translator-numbers-dictionary, Language: English 
)
(/usr/share/texmf-dist/tex/latex/translator/translator-theorem-dictionary-Engli
sh.dict
Dictionary: translator-theorem-dictionary, Language: English 
)
Package biblatex Info: Input encoding 'utf8' detected.
Package biblatex Info: Automatic encoding selection.
(biblatex)             Assuming data encoding 'utf8'.
\openout5 = `presentation.bcf'.

Package biblatex Info: Trying to load bibliographic data...
Package biblatex Info: ... file 'presentation.bbl' found.
 (./presentation.bbl)
Package biblatex Info: Reference section=0 on input line 103.
Package biblatex Info: Reference segment=0 on input line 103.
 (./presentation.nav)
LaTeX Font Info:    Trying to load font information for U+msa on input line 105
.

(/usr/share/texmf-dist/tex/latex/amsfonts/umsa.fd
File: umsa.fd 2013/01/14 v3.01 AMS symbols A
)
LaTeX Font Info:    Trying to load font information for U+msb on input line 105
.

(/usr/share/texmf-dist/tex/latex/amsfonts/umsb.fd
File: umsb.fd 2013/01/14 v3.01 AMS symbols B
)
LaTeX Font Info:    Trying to load font information for U+stmry on input line 1
05.

(/usr/share/texmf-dist/tex/latex/stmaryrd/Ustmry.fd)
LaTeX Font Info:    Trying to load font information for OT1+mathkerncmss on inp
ut line 105.

(/usr/share/texmf-dist/tex/latex/sansmathaccent/ot1mathkerncmss.fd
File: ot1mathkerncmss.fd 2013/03/27 Fontinst v1.933 font definitions for OT1/ma
thkerncmss.
)
Overfull \hbox (365.76079pt too wide) has occurred while \output is active
[][] [][][] 
 []

[1

{/var/lib/texmf/fonts/map/pdftex/updmap/pdftex.map} </home/schnecki/texmf/tex/l
atex/local/clbeamer/base/art/seal.pdf>]
Overfull \hbox (28.45274pt too wide) in paragraph at lines 139--139
[][][][]  
 []


Overfull \hbox (365.76079pt too wide) has occurred while \output is active
[][] [][][] 
 []

[2

]
Overfull \hbox (28.45274pt too wide) in paragraph at lines 139--139
[][][][]  
 []


Overfull \hbox (365.76079pt too wide) has occurred while \output is active
[][] [][][] 
 []

[3

]
Overfull \hbox (28.45274pt too wide) in paragraph at lines 153--153
[][][][]  
 []


Overfull \hbox (365.76079pt too wide) has occurred while \output is active
[][] [][][] 
 []

[4

] (./figures/three-states.tex)
Overfull \hbox (28.45274pt too wide) in paragraph at lines 226--226
[][][][]  
 []


Overfull \hbox (365.76079pt too wide) has occurred while \output is active
[][] [][][] 
 []

[5

] (./figures/three-states.tex)
Overfull \hbox (28.45274pt too wide) in paragraph at lines 226--226
[][][][]  
 []


Overfull \vbox (1.87068pt too high) detected at line 226
 []


Overfull \hbox (365.76079pt too wide) has occurred while \output is active
[][] [][][] 
 []

[6

] (./figures/three-states.tex)
Overfull \hbox (28.45274pt too wide) in paragraph at lines 226--226
[][][][]  
 []


Overfull \hbox (365.76079pt too wide) has occurred while \output is active
[][] [][][] 
 []

[7

] (./figures/three-states.tex)
Overfull \hbox (28.45274pt too wide) in paragraph at lines 226--226
[][][][]  
 []


Overfull \hbox (365.76079pt too wide) has occurred while \output is active
[][] [][][] 
 []

[8

]
Overfull \hbox (28.45274pt too wide) in paragraph at lines 248--248
[][][][]  
 []


Overfull \hbox (365.76079pt too wide) has occurred while \output is active
[][] [][][] 
 []

[9

]
Overfull \hbox (28.45274pt too wide) in paragraph at lines 248--248
[][][][]  
 []


Overfull \hbox (365.76079pt too wide) has occurred while \output is active
[][] [][][] 
 []

[10

] (./figures/printer.tex
Missing character: There is no ; in font nullfont!
Missing character: There is no ; in font nullfont!
Missing character: There is no ; in font nullfont!
Missing character: There is no . in font nullfont!
Missing character: There is no 5 in font nullfont!
Missing character: There is no . in font nullfont!
Missing character: There is no 5 in font nullfont!
Missing character: There is no . in font nullfont!
Missing character: There is no 5 in font nullfont!
Missing character: There is no . in font nullfont!
Missing character: There is no 5 in font nullfont!
Missing character: There is no . in font nullfont!
Missing character: There is no 5 in font nullfont!
)
Overfull \hbox (365.76079pt too wide) has occurred while \output is active
[][] [][][] 
 []

[11

] (./figures/printer.tex
Missing character: There is no ; in font nullfont!
Missing character: There is no ; in font nullfont!
Missing character: There is no ; in font nullfont!
Missing character: There is no . in font nullfont!
Missing character: There is no 5 in font nullfont!
Missing character: There is no . in font nullfont!
Missing character: There is no 5 in font nullfont!
Missing character: There is no . in font nullfont!
Missing character: There is no 5 in font nullfont!
Missing character: There is no . in font nullfont!
Missing character: There is no 5 in font nullfont!
Missing character: There is no . in font nullfont!
Missing character: There is no 5 in font nullfont!
)
Overfull \hbox (365.76079pt too wide) has occurred while \output is active
[][] [][][] 
 []

[12

]
Overfull \hbox (28.45274pt too wide) in paragraph at lines 360--360
[][][][]  
 []


Overfull \hbox (365.76079pt too wide) has occurred while \output is active
[][] [][][] 
 []

[13

]
Overfull \hbox (28.45274pt too wide) in paragraph at lines 360--360
[][][][]  
 []


Overfull \hbox (365.76079pt too wide) has occurred while \output is active
[][] [][][] 
 []

[14

]
Overfull \hbox (28.45274pt too wide) in paragraph at lines 360--360
[][][][]  
 []


Overfull \hbox (365.76079pt too wide) has occurred while \output is active
[][] [][][] 
 []

[15

]
Overfull \hbox (28.45274pt too wide) in paragraph at lines 360--360
[][][][]  
 []


Overfull \hbox (365.76079pt too wide) has occurred while \output is active
[][] [][][] 
 []

[16

]
Overfull \hbox (28.45274pt too wide) in paragraph at lines 360--360
[][][][]  
 []


Overfull \hbox (365.76079pt too wide) has occurred while \output is active
[][] [][][] 
 []

[17

]
Overfull \hbox (28.45274pt too wide) in paragraph at lines 397--397
[][][][]  
 []


Overfull \hbox (365.76079pt too wide) has occurred while \output is active
[][] [][][] 
 []

[18

] (./figures/grid.tex
Missing character: There is no ; in font nullfont!
Missing character: There is no ; in font nullfont!
Missing character: There is no ; in font nullfont!
Missing character: There is no ; in font nullfont!
Missing character: There is no ; in font nullfont!
Missing character: There is no ; in font nullfont!
Missing character: There is no ; in font nullfont!
Missing character: There is no ; in font nullfont!
Missing character: There is no ; in font nullfont!
Missing character: There is no ; in font nullfont!
)
Overfull \hbox (28.45274pt too wide) in paragraph at lines 397--397
[][][][]  
 []


Overfull \hbox (365.76079pt too wide) has occurred while \output is active
[][] [][][] 
 []

[19

] (./figures/grid4.tex
Missing character: There is no ; in font nullfont!
Missing character: There is no ; in font nullfont!
Missing character: There is no ; in font nullfont!
Missing character: There is no ; in font nullfont!
Missing character: There is no ; in font nullfont!
Missing character: There is no ; in font nullfont!
Missing character: There is no ; in font nullfont!
Missing character: There is no ; in font nullfont!
Missing character: There is no ; in font nullfont!
Missing character: There is no ; in font nullfont!
)
Overfull \hbox (28.45274pt too wide) in paragraph at lines 397--397
[][][][]  
 []


Overfull \hbox (365.76079pt too wide) has occurred while \output is active
[][] [][][] 
 []

[20

]
Overfull \hbox (28.45274pt too wide) in paragraph at lines 424--424
[][][][]  
 []


Overfull \hbox (365.76079pt too wide) has occurred while \output is active
[][] [][][] 
 []

[21

]
Overfull \hbox (28.45274pt too wide) in paragraph at lines 424--424
[][][][]  
 []


Overfull \hbox (365.76079pt too wide) has occurred while \output is active
[][] [][][] 
 []

[22

]
Overfull \hbox (28.45274pt too wide) in paragraph at lines 460--460
[][][][]  
 []


Overfull \hbox (365.76079pt too wide) has occurred while \output is active
[][] [][][] 
 []

[23

]
Overfull \hbox (28.45274pt too wide) in paragraph at lines 481--481
[][][][]  
 []


Overfull \hbox (365.76079pt too wide) has occurred while \output is active
[][] [][][] 
 []

[24

]
<"figures/""mountaincar".png, id=277, 451.6875pt x 302.12875pt>
File: "figures/""mountaincar".png Graphic file (type png)
<use "figures/""mountaincar".png>
Package pdftex.def Info: "figures/""mountaincar".png  used on input line 481.
(pdftex.def)             Requested size: 107.55098pt x 71.93611pt.

Overfull \hbox (28.45274pt too wide) in paragraph at lines 481--481
[][][][]  
 []


Overfull \hbox (365.76079pt too wide) has occurred while \output is active
[][] [][][] 
 []

[25

 <./figures/mountaincar.png>]
Overfull \hbox (28.45274pt too wide) in paragraph at lines 496--496
[][][][]  
 []


Overfull \hbox (365.76079pt too wide) has occurred while \output is active
[][] [][][] 
 []

[26

] (./figures/mdpschema.tex

LaTeX Font Warning: Command \small invalid in math mode on input line 14.


LaTeX Font Warning: Command \small invalid in math mode on input line 15.


LaTeX Font Warning: Command \small invalid in math mode on input line 16.


LaTeX Font Warning: Command \small invalid in math mode on input line 16.


LaTeX Font Warning: Command \small invalid in math mode on input line 18.


LaTeX Font Warning: Command \small invalid in math mode on input line 20.

)
Overfull \hbox (28.45274pt too wide) in paragraph at lines 515--515
[][][][]  
 []


Overfull \hbox (365.76079pt too wide) has occurred while \output is active
[][] [][][] 
 []

[27

] (./figures/binarytree.tex

LaTeX Font Warning: Font shape `T1/cmss/m/n' in size <0.54753> not available
(Font)              size <3> substituted on input line 14.

)
Overfull \hbox (28.45274pt too wide) in paragraph at lines 531--531
[][][][]  
 []


Overfull \hbox (365.76079pt too wide) has occurred while \output is active
[][] [][][] 
 []

[28

]
Overfull \hbox (28.45274pt too wide) in paragraph at lines 552--552
[][][][]  
 []


Overfull \hbox (365.76079pt too wide) has occurred while \output is active
[][] [][][] 
 []

[29

]
Overfull \hbox (28.45274pt too wide) in paragraph at lines 579--579
[][][][]  
 []


Overfull \hbox (365.76079pt too wide) has occurred while \output is active
[][] [][][] 
 []

[30

]
Overfull \hbox (28.45274pt too wide) in paragraph at lines 579--579
[][][][]  
 []


Overfull \hbox (365.76079pt too wide) has occurred while \output is active
[][] [][][] 
 []

[31

]
Overfull \hbox (365.76079pt too wide) has occurred while \output is active
[][] [][][] 
 []

[32

]
Overfull \hbox (28.45274pt too wide) in paragraph at lines 604--604
[][][][]  
 []


Overfull \hbox (365.76079pt too wide) has occurred while \output is active
[][] [][][] 
 []

[33

] (./figures/three-states.tex)
Overfull \hbox (28.45274pt too wide) in paragraph at lines 675--675
[][][][]  
 []


Overfull \hbox (365.76079pt too wide) has occurred while \output is active
[][] [][][] 
 []

[34

] (./figures/productionsystem.tex
LaTeX Font Info:    Trying to load font information for U+mvs on input line 65.


(/usr/share/texmf-dist/tex/latex/marvosym/umvs.fd)
Overfull \hbox (3.69565pt too wide) in paragraph at lines 707--108
[]| []  
 []

)
Overfull \hbox (28.45274pt too wide) in paragraph at lines 707--707
[][][][]  
 []


Overfull \hbox (365.76079pt too wide) has occurred while \output is active
[][] [][][] 
 []

[35

]
Overfull \hbox (28.45274pt too wide) in paragraph at lines 756--756
[][][][]  
 []


Overfull \hbox (365.76079pt too wide) has occurred while \output is active
[][] [][][] 
 []

[36

]
\tf@nav=\write7
\openout7 = `presentation.nav'.

\tf@toc=\write8
\openout8 = `presentation.toc'.

\tf@snm=\write9
\openout9 = `presentation.snm'.

Package atveryend Info: Empty hook `BeforeClearDocument' on input line 1802.
Package atveryend Info: Empty hook `AfterLastShipout' on input line 1802.
 (./presentation.aux)
Package atveryend Info: Executing hook `AtVeryEndDocument' on input line 1802.
Package atveryend Info: Executing hook `AtEndAfterFileList' on input line 1802.

Package rerunfilecheck Info: File `presentation.out' has not changed.
(rerunfilecheck)             Checksum: D6831DDA82E285758A3593AE00A806F3;201.


LaTeX Font Warning: Size substitutions with differences
(Font)              up to 2.45247pt have occurred.

Package logreq Info: Writing requests to 'presentation.run.xml'.
\openout1 = `presentation.run.xml'.

 ) 
Here is how much of TeX's memory you used:
 46987 strings out of 492167
 927441 string characters out of 6131558
 1432818 words of memory out of 5000000
 50404 multiletter control sequences out of 15000+600000
 561428 words of font info for 102 fonts, out of 8000000 for 9000
 1141 hyphenation exceptions out of 8191
 58i,25n,70p,806b,1623s stack positions out of 5000i,500n,10000p,20000000b,80000s
pdfTeX warning (dest): name{cite.0@SchneckenreitherHaeussler2019} has been re
ferenced but does not exist, replaced by a fixed one

pdfTeX warning (dest): name{cite.0@schneckenreither2020average} has been refere
nced but does not exist, replaced by a fixed one

pdfTeX warning (dest): name{cite.0@Puterman94} has been referenced but does not
 exist, replaced by a fixed one

pdfTeX warning (dest): name{cite.0@Mahadevan96_OptimalityCriteriaInReinforcemen
tLearning} has been referenced but does not exist, replaced by a fixed one

pdfTeX warning (dest): name{cite.0@MillerVeinott1969} has been referenced but d
oes not exist, replaced by a fixed one

pdfTeX warning (dest): name{cite.0@landi1992undecidability} has been referenced
 but does not exist, replaced by a fixed one

pdfTeX warning (dest): name{cite.0@schneckenreither2020dynamic} has been refere
nced but does not exist, replaced by a fixed one

{/usr/share/texmf-dist/fonts/enc/dvips/cm-super/cm-super-t1.enc}</usr/share/tex
mf-dist/fonts/type1/public/amsfonts/cm/cmex10.pfb></usr/share/texmf-dist/fonts/
type1/public/amsfonts/cm/cmmi10.pfb></usr/share/texmf-dist/fonts/type1/public/a
msfonts/cm/cmmi12.pfb></usr/share/texmf-dist/fonts/type1/public/amsfonts/cm/cmm
i6.pfb></usr/share/texmf-dist/fonts/type1/public/amsfonts/cm/cmmi8.pfb></usr/sh
are/texmf-dist/fonts/type1/public/amsfonts/cm/cmmi9.pfb></usr/share/texmf-dist/
fonts/type1/public/amsfonts/cm/cmss10.pfb></usr/share/texmf-dist/fonts/type1/pu
blic/amsfonts/cm/cmss12.pfb></usr/share/texmf-dist/fonts/type1/public/amsfonts/
cm/cmss8.pfb></usr/share/texmf-dist/fonts/type1/public/amsfonts/cm/cmssi10.pfb>
</usr/share/texmf-dist/fonts/type1/public/amsfonts/cm/cmssi12.pfb></usr/share/t
exmf-dist/fonts/type1/public/amsfonts/cm/cmssi8.pfb></usr/share/texmf-dist/font
s/type1/public/amsfonts/cm/cmssi9.pfb></usr/share/texmf-dist/fonts/type1/public
/amsfonts/cm/cmsy10.pfb></usr/share/texmf-dist/fonts/type1/public/amsfonts/cm/c
msy6.pfb></usr/share/texmf-dist/fonts/type1/public/amsfonts/cm/cmsy8.pfb></usr/
share/texmf-dist/fonts/type1/public/amsfonts/cm/cmsy9.pfb></usr/share/texmf-dis
t/fonts/type1/public/marvosym/marvosym.pfb></usr/share/texmf-dist/fonts/type1/p
ublic/amsfonts/symbols/msam10.pfb></usr/share/texmf-dist/fonts/type1/public/ams
fonts/symbols/msbm10.pfb></usr/share/texmf-dist/fonts/type1/public/cm-super/sfs
i1095.pfb></usr/share/texmf-dist/fonts/type1/public/cm-super/sfss0600.pfb></usr
/share/texmf-dist/fonts/type1/public/cm-super/sfss0800.pfb></usr/share/texmf-di
st/fonts/type1/public/cm-super/sfss0900.pfb></usr/share/texmf-dist/fonts/type1/
public/cm-super/sfss1000.pfb></usr/share/texmf-dist/fonts/type1/public/cm-super
/sfss1095.pfb></usr/share/texmf-dist/fonts/type1/public/cm-super/sfss1200.pfb><
/usr/share/texmf-dist/fonts/type1/public/cm-super/sfss1440.pfb></usr/share/texm
f-dist/fonts/type1/public/cm-super/sfsx0600.pfb></usr/share/texmf-dist/fonts/ty
pe1/public/cm-super/sfsx1095.pfb>
Output written on presentation.pdf (36 pages, 502375 bytes).
PDF statistics:
 487 PDF objects out of 1000 (max. 8388607)
 398 compressed objects within 4 object streams
 85 named destinations out of 1000 (max. 500000)
 112 words of extra memory for PDF output out of 10000 (max. 10000000)

